Nov-14 15:03:31.762 [main] DEBUG nextflow.cli.Launcher - $> nextflow -log runlogs/nextflow-ec2-user-20251114-150328-nt0e8j.log run main.nf --runKallisto true -profile awsbatch --inputDir /home/ec2-user/repos/TAADisco/input-data/fastqs/Derouane-et-al/TNBC/ --outputDir ./outputs/run-Derouane-et-al -w 's3://crmy-aws-batch-nf/TAADisco/run-derouane-et-al'
Nov-14 15:03:31.898 [main] DEBUG nextflow.cli.CmdRun - N E X T F L O W  ~  version 25.10.0
Nov-14 15:03:32.005 [main] DEBUG nextflow.config.ConfigBuilder - Found config local: /home/ec2-user/repos/TAADisco/nextflow/nextflow.config
Nov-14 15:03:32.010 [main] DEBUG nextflow.config.ConfigBuilder - Parsing config file: /home/ec2-user/repos/TAADisco/nextflow/nextflow.config
Nov-14 15:03:32.061 [main] DEBUG nextflow.config.ConfigBuilder - Applying config profile: `awsbatch`
Nov-14 15:03:33.011 [main] DEBUG nextflow.config.ConfigBuilder - Available config profiles: [awsbatch, local]
Nov-14 15:03:33.067 [main] DEBUG nextflow.plugin.PluginsFacade - Setting up plugin manager > mode=prod; embedded=false; plugins-dir=/home/ec2-user/.nextflow/plugins; core-plugins: nf-amazon@3.4.1,nf-azure@1.20.2,nf-cloudcache@0.5.0,nf-codecommit@0.5.0,nf-console@1.3.0,nf-google@1.23.3,nf-k8s@1.2.2,nf-tower@1.17.1,nf-wave@1.16.1
Nov-14 15:03:33.079 [main] INFO  o.pf4j.DefaultPluginStatusProvider - Enabled plugins: []
Nov-14 15:03:33.081 [main] INFO  o.pf4j.DefaultPluginStatusProvider - Disabled plugins: []
Nov-14 15:03:33.084 [main] INFO  org.pf4j.DefaultPluginManager - PF4J version 3.12.0 in 'deployment' mode
Nov-14 15:03:33.101 [main] DEBUG nextflow.util.RetryConfig - Missing nextflow session - using default retry config
Nov-14 15:03:33.253 [main] INFO  org.pf4j.AbstractPluginManager - No plugins
Nov-14 15:03:33.255 [main] DEBUG nextflow.plugin.PluginsFacade - Plugins default=[nf-amazon@3.4.1]
Nov-14 15:03:33.256 [main] DEBUG nextflow.plugin.PluginsFacade - Plugins resolved requirement=[nf-amazon@3.4.1]
Nov-14 15:03:34.064 [main] DEBUG n.plugin.HttpPluginRepository - Registry request: https://registry.nextflow.io/api/v1/plugins/dependencies?plugins=nf-amazon%403.4.1&nextflowVersion=25.10.0
- code: 200
- body: {"plugins":[{"id":"nf-amazon","downloadCount":16821,"downloadGhCount":1344698,"releases":[{"version":"3.4.1","url":"https://registry.nextflow.io/api/v1/plugins/nf-amazon/3.4.1/download/nf-amazon-3.4.1.zip","date":"2025-10-22T16:29:06.396625Z","sha512sum":"bc7c4b6166aa5ef32df3362ceec263df434875b1db332594cd71c8d3f462adfcad55802034cbcfd269917e1efa4f45d224143f024fc1170d156daa40897f3873","requires":">=25.09.2-edge","dependsOn":[],"downloadCount":14122,"downloadGhCount":0,"status":"PUBLISHED","spec":null}],"projectUrl":"https://github.com/nextflow-io/nf-amazon","provider":"nextflow-io","description":null}]}
Nov-14 15:03:34.119 [main] DEBUG nextflow.plugin.PluginUpdater - Installing plugin nf-amazon version: 3.4.1
Nov-14 15:03:34.134 [main] INFO  org.pf4j.AbstractPluginManager - Plugin 'nf-amazon@3.4.1' resolved
Nov-14 15:03:34.134 [main] INFO  org.pf4j.AbstractPluginManager - Start plugin 'nf-amazon@3.4.1'
Nov-14 15:03:34.162 [main] DEBUG nextflow.plugin.BasePlugin - Plugin started nf-amazon@3.4.1
Nov-14 15:03:34.180 [main] DEBUG nextflow.file.FileHelper - > Added 'S3FileSystemProvider' to list of installed providers [s3]
Nov-14 15:03:34.201 [main] DEBUG n.secret.LocalSecretsProvider - Secrets store: /home/ec2-user/.nextflow/secrets/store.json
Nov-14 15:03:34.204 [main] DEBUG nextflow.secret.SecretsLoader - Discovered secrets providers: [nextflow.secret.LocalSecretsProvider@40ed1802] - activable => nextflow.secret.LocalSecretsProvider@40ed1802
Nov-14 15:03:34.206 [main] DEBUG nextflow.cli.CmdRun - Applied DSL=2 from script declaration
Nov-14 15:03:34.222 [main] DEBUG nextflow.cli.CmdRun - Launching `main.nf` [special_gautier] DSL2 - revision: 77f4481b1c
Nov-14 15:03:34.281 [main] DEBUG nextflow.Session - Session UUID: 51f7fe63-72a6-4349-9b0a-20ec0487ea69
Nov-14 15:03:34.281 [main] DEBUG nextflow.Session - Run name: special_gautier
Nov-14 15:03:34.282 [main] DEBUG nextflow.Session - Executor pool size: 4
Nov-14 15:03:34.297 [main] DEBUG nextflow.file.FileHelper - Creating a file system instance for provider: S3FileSystemProvider; config=[region:ap-southeast-5, batch:[cliPath:/opt/conda/bin/aws], client:[maxConnections:100]]
Nov-14 15:03:34.313 [main] DEBUG nextflow.cloud.aws.config.AwsConfig - AWS S3 config properties: {max_connections=100, max_error_retry=5}
Nov-14 15:03:36.697 [main] DEBUG nextflow.file.FilePorter - File porter settings maxRetries=3; maxTransfers=50; pollTimeout=null
Nov-14 15:03:36.703 [main] DEBUG nextflow.util.ThreadPoolBuilder - Creating thread pool 'FileTransfer' minSize=10; maxSize=12; workQueue=LinkedBlockingQueue[-1]; allowCoreThreadTimeout=false
Nov-14 15:03:36.755 [main] DEBUG nextflow.cli.CmdRun - 
  Version: 25.10.0 build 10289
  Created: 22-10-2025 16:26 UTC 
  System: Linux 6.1.153-175.280.amzn2023.x86_64
  Runtime: Groovy 4.0.28 on OpenJDK 64-Bit Server VM 23.0.2-internal-adhoc.conda.src
  Encoding: UTF-8 (UTF-8)
  Process: 620403@ip-172-31-39-213.ap-southeast-5.compute.internal [172.31.39.213]
  CPUs: 4 - Mem: 15.4 GB (12.4 GB) - Swap: 0 (0)
Nov-14 15:03:37.598 [main] DEBUG nextflow.file.FileHelper - Unable to determine FS type (1): s3://crmy-aws-batch-nf/TAADisco/run-derouane-et-al

Nov-14 15:03:37.599 [main] DEBUG nextflow.Session - Work-dir: s3://crmy-aws-batch-nf/TAADisco/run-derouane-et-al [null]
Nov-14 15:03:37.599 [main] DEBUG nextflow.Session - Script base path does not exist or is not a directory: /home/ec2-user/repos/TAADisco/nextflow/bin
Nov-14 15:03:37.624 [main] DEBUG nextflow.executor.ExecutorFactory - Extension executors providers=[AwsBatchExecutor]
Nov-14 15:03:37.635 [main] DEBUG nextflow.Session - Observer factory (v2): LinObserverFactory
Nov-14 15:03:37.638 [main] DEBUG nextflow.Session - Observer factory (v2): DefaultObserverFactory
Nov-14 15:03:37.696 [main] DEBUG nextflow.cache.CacheFactory - Using Nextflow cache factory: nextflow.cache.DefaultCacheFactory
Nov-14 15:03:37.707 [main] DEBUG nextflow.util.CustomThreadPool - Creating default thread pool > poolSize: 5; maxThreads: 1000
Nov-14 15:03:37.782 [main] DEBUG nextflow.Session - Session start
Nov-14 15:03:37.792 [main] DEBUG nextflow.trace.TraceFileObserver - Workflow started -- trace file: ./outputs/run-Derouane-et-al/reports/trace.txt
Nov-14 15:03:38.152 [main] DEBUG nextflow.script.ScriptRunner - > Launching execution
Nov-14 15:03:38.701 [main] DEBUG n.script.dsl.ProcessConfigBuilder - Config settings `withLabel:trimReads` matches labels `trimReads` for process with name TRIM_READS_FASTP
Nov-14 15:03:38.716 [main] DEBUG nextflow.executor.ExecutorFactory - << taskConfig executor: awsbatch
Nov-14 15:03:38.717 [main] DEBUG nextflow.executor.ExecutorFactory - >> processorType: 'awsbatch'
Nov-14 15:03:38.742 [main] DEBUG nextflow.executor.Executor - [warm up] executor > awsbatch
Nov-14 15:03:38.756 [main] DEBUG nextflow.util.ThrottlingExecutor - Creating throttling executor with opts: nextflow.util.ThrottlingExecutor$Options(poolName:AWSBatch-executor, limiter:RateLimiter[stableRate=50.0qps], poolSize:20, maxPoolSize:20, queueSize:5000, maxRetries:10, keepAlive:1m, autoThrottle:true, errorBurstDelay:1s, rampUpInterval:100, rampUpFactor:1.2, rampUpMaxRate:1.7976931348623157E308, backOffFactor:2.0, backOffMinRate:0.0166666667, retryDelay:1s)
Nov-14 15:03:38.762 [main] DEBUG nextflow.util.ThrottlingExecutor - Creating throttling executor with opts: nextflow.util.ThrottlingExecutor$Options(poolName:AWSBatch-reaper, limiter:RateLimiter[stableRate=50.0qps], poolSize:20, maxPoolSize:20, queueSize:5000, maxRetries:10, keepAlive:1m, autoThrottle:true, errorBurstDelay:1s, rampUpInterval:100, rampUpFactor:1.2, rampUpMaxRate:1.7976931348623157E308, backOffFactor:2.0, backOffMinRate:0.0166666667, retryDelay:1s)
Nov-14 15:03:38.763 [main] DEBUG n.cloud.aws.batch.AwsBatchExecutor - Creating parallel monitor for executor 'awsbatch' > pollInterval=10s; dumpInterval=5m
Nov-14 15:03:38.769 [main] DEBUG n.processor.TaskPollingMonitor - >>> barrier register (monitor: awsbatch)
Nov-14 15:03:39.281 [main] DEBUG n.cloud.aws.batch.AwsBatchExecutor - [AWS BATCH] Executor options=AwsOptions(remoteBinDir:null, fetchInstanceType:false, region:ap-southeast-5, jobRole:null, logsGroup:null, retryMode:standard, shareIdentifier:null, schedulingPriority:0, cliPath:/opt/conda/bin/aws, volumes:[], maxParallelTransfers:4, maxTransferAttempts:5, maxSpotAttempts:null, delayBetweenAttempts:10s, storageClass:null, storageEncryption:null, storageKmsKeyId:null, s3Acl:null, debug:null, requesterPays:null, awsCli:/opt/conda/bin/aws --region ap-southeast-5, fargateMode:false, s5cmdPath:null, executionRole:null)
Nov-14 15:03:39.360 [main] DEBUG nextflow.processor.TaskProcessor - Creating process 'TRIM_READS_FASTP': maxForks=0; fair=false; array=0
Nov-14 15:03:39.414 [main] DEBUG nextflow.file.FileHelper - Creating a file system instance for provider: S3FileSystemProvider; config=[region:ap-southeast-5, batch:[cliPath:/opt/conda/bin/aws], client:[maxConnections:100]]
Nov-14 15:03:39.415 [main] DEBUG nextflow.cloud.aws.config.AwsConfig - AWS S3 config properties: {max_connections=100, max_error_retry=5}
Nov-14 15:03:40.881 [main] DEBUG n.script.dsl.ProcessConfigBuilder - Config settings `withLabel:quantCounts` matches labels `quantCounts` for process with name QUANT_COUNTS_KALLISTO
Nov-14 15:03:40.883 [main] DEBUG nextflow.executor.ExecutorFactory - << taskConfig executor: awsbatch
Nov-14 15:03:40.883 [main] DEBUG nextflow.executor.ExecutorFactory - >> processorType: 'awsbatch'
Nov-14 15:03:40.884 [main] DEBUG nextflow.processor.TaskProcessor - Creating process 'QUANT_COUNTS_KALLISTO': maxForks=0; fair=false; array=0
Nov-14 15:03:40.890 [main] DEBUG nextflow.Session - Workflow process names [dsl2]: TRIM_READS_FASTP, QUANT_COUNTS_KALLISTO
Nov-14 15:03:40.892 [main] DEBUG nextflow.Session - Igniting dataflow network (4)
Nov-14 15:03:40.910 [PathVisitor-1] DEBUG nextflow.file.PathVisitor - files for syntax: glob; folder: /home/ec2-user/repos/TAADisco/input-data/fastqs/Derouane-et-al/TNBC/; pattern: *_R{1,2}*.fastq.gz; options: [:]
Nov-14 15:03:40.910 [main] DEBUG nextflow.processor.TaskProcessor - Starting process > TRIM_READS_FASTP
Nov-14 15:03:40.911 [main] DEBUG nextflow.processor.TaskProcessor - Starting process > QUANT_COUNTS_KALLISTO
Nov-14 15:03:40.912 [main] DEBUG nextflow.script.ScriptRunner - Parsed script files:
  Script_1fbf634740319e3d: /home/ec2-user/repos/TAADisco/nextflow/modules/trim_reads_fastp.nf
  Script_076d008b2b1f07b4: /home/ec2-user/repos/TAADisco/nextflow/modules/quant_counts_kallisto.nf
  Script_c11947d0408a3e20: /home/ec2-user/repos/TAADisco/nextflow/main.nf
Nov-14 15:03:40.912 [main] DEBUG nextflow.script.ScriptRunner - > Awaiting termination 
Nov-14 15:03:40.912 [main] DEBUG nextflow.Session - Session await
Nov-14 15:03:41.614 [FileTransfer-2] DEBUG nextflow.file.FilePorter - Copying foreign file /home/ec2-user/repos/TAADisco/input-data/fastqs/Derouane-et-al/TNBC/R13_UCL_pos_R2.fastq.gz to work dir: s3://crmy-aws-batch-nf/TAADisco/run-derouane-et-al/stage-51f7fe63-72a6-4349-9b0a-20ec0487ea69/1c/407cbccd9459bae4446723e1afbe60/R13_UCL_pos_R2.fastq.gz
Nov-14 15:03:41.623 [FileTransfer-8] DEBUG nextflow.file.FilePorter - Copying foreign file /home/ec2-user/repos/TAADisco/input-data/fastqs/Derouane-et-al/TNBC/R02_UCL_pre_R2.fastq.gz to work dir: s3://crmy-aws-batch-nf/TAADisco/run-derouane-et-al/stage-51f7fe63-72a6-4349-9b0a-20ec0487ea69/34/9d01472feb224a072e7bb725f5a993/R02_UCL_pre_R2.fastq.gz
Nov-14 15:03:41.632 [FileTransfer-1] DEBUG nextflow.file.FilePorter - Copying foreign file /home/ec2-user/repos/TAADisco/input-data/fastqs/Derouane-et-al/TNBC/R13_UCL_pos_R1.fastq.gz to work dir: s3://crmy-aws-batch-nf/TAADisco/run-derouane-et-al/stage-51f7fe63-72a6-4349-9b0a-20ec0487ea69/c3/6a1eaa715da0763201635c57ad6c3c/R13_UCL_pos_R1.fastq.gz
Nov-14 15:03:41.634 [FileTransfer-4] DEBUG nextflow.file.FilePorter - Copying foreign file /home/ec2-user/repos/TAADisco/input-data/fastqs/Derouane-et-al/TNBC/R02_UCL_pos_R2.fastq.gz to work dir: s3://crmy-aws-batch-nf/TAADisco/run-derouane-et-al/stage-51f7fe63-72a6-4349-9b0a-20ec0487ea69/c6/7040147de4de7ea34aac5306142980/R02_UCL_pos_R2.fastq.gz
Nov-14 15:03:41.639 [FileTransfer-6] DEBUG nextflow.file.FilePorter - Copying foreign file /home/ec2-user/repos/TAADisco/input-data/fastqs/Derouane-et-al/TNBC/R11_UCL_pos_R2.fastq.gz to work dir: s3://crmy-aws-batch-nf/TAADisco/run-derouane-et-al/stage-51f7fe63-72a6-4349-9b0a-20ec0487ea69/ef/9ddcc152dbd757efe6e77e05011953/R11_UCL_pos_R2.fastq.gz
Nov-14 15:03:41.639 [FileTransfer-7] DEBUG nextflow.file.FilePorter - Copying foreign file /home/ec2-user/repos/TAADisco/input-data/fastqs/Derouane-et-al/TNBC/R02_UCL_pre_R1.fastq.gz to work dir: s3://crmy-aws-batch-nf/TAADisco/run-derouane-et-al/stage-51f7fe63-72a6-4349-9b0a-20ec0487ea69/fb/dcf3c4830eb66c3a3c00e0d2b05113/R02_UCL_pre_R1.fastq.gz
Nov-14 15:03:41.641 [FileTransfer-3] DEBUG nextflow.file.FilePorter - Copying foreign file /home/ec2-user/repos/TAADisco/input-data/fastqs/Derouane-et-al/TNBC/R02_UCL_pos_R1.fastq.gz to work dir: s3://crmy-aws-batch-nf/TAADisco/run-derouane-et-al/stage-51f7fe63-72a6-4349-9b0a-20ec0487ea69/3c/0abbf349524115ee27fea0d8accd17/R02_UCL_pos_R1.fastq.gz
Nov-14 15:03:41.644 [FileTransfer-1] DEBUG n.cloud.aws.nio.S3FileSystemProvider - S3 upload file from=/home/ec2-user/repos/TAADisco/input-data/fastqs/Derouane-et-al/TNBC/R13_UCL_pos_R1.fastq.gz to=s3://crmy-aws-batch-nf/TAADisco/run-derouane-et-al/stage-51f7fe63-72a6-4349-9b0a-20ec0487ea69/c3/6a1eaa715da0763201635c57ad6c3c/R13_UCL_pos_R1.fastq.gz
Nov-14 15:03:41.646 [FileTransfer-1] DEBUG nextflow.util.ThreadPoolBuilder - Creating thread pool 'S3TransferManager' minSize=10; maxSize=12; workQueue=LinkedBlockingQueue[-1]; allowCoreThreadTimeout=false
Nov-14 15:03:41.638 [FileTransfer-8] DEBUG n.cloud.aws.nio.S3FileSystemProvider - S3 upload file from=/home/ec2-user/repos/TAADisco/input-data/fastqs/Derouane-et-al/TNBC/R02_UCL_pre_R2.fastq.gz to=s3://crmy-aws-batch-nf/TAADisco/run-derouane-et-al/stage-51f7fe63-72a6-4349-9b0a-20ec0487ea69/34/9d01472feb224a072e7bb725f5a993/R02_UCL_pre_R2.fastq.gz
Nov-14 15:03:41.659 [FileTransfer-4] DEBUG n.cloud.aws.nio.S3FileSystemProvider - S3 upload file from=/home/ec2-user/repos/TAADisco/input-data/fastqs/Derouane-et-al/TNBC/R02_UCL_pos_R2.fastq.gz to=s3://crmy-aws-batch-nf/TAADisco/run-derouane-et-al/stage-51f7fe63-72a6-4349-9b0a-20ec0487ea69/c6/7040147de4de7ea34aac5306142980/R02_UCL_pos_R2.fastq.gz
Nov-14 15:03:41.659 [FileTransfer-2] DEBUG n.cloud.aws.nio.S3FileSystemProvider - S3 upload file from=/home/ec2-user/repos/TAADisco/input-data/fastqs/Derouane-et-al/TNBC/R13_UCL_pos_R2.fastq.gz to=s3://crmy-aws-batch-nf/TAADisco/run-derouane-et-al/stage-51f7fe63-72a6-4349-9b0a-20ec0487ea69/1c/407cbccd9459bae4446723e1afbe60/R13_UCL_pos_R2.fastq.gz
Nov-14 15:03:41.659 [FileTransfer-5] DEBUG nextflow.file.FilePorter - Copying foreign file /home/ec2-user/repos/TAADisco/input-data/fastqs/Derouane-et-al/TNBC/R11_UCL_pos_R1.fastq.gz to work dir: s3://crmy-aws-batch-nf/TAADisco/run-derouane-et-al/stage-51f7fe63-72a6-4349-9b0a-20ec0487ea69/b8/b3242fc252d7c058a427f88312bafc/R11_UCL_pos_R1.fastq.gz
Nov-14 15:03:41.660 [FileTransfer-6] DEBUG n.cloud.aws.nio.S3FileSystemProvider - S3 upload file from=/home/ec2-user/repos/TAADisco/input-data/fastqs/Derouane-et-al/TNBC/R11_UCL_pos_R2.fastq.gz to=s3://crmy-aws-batch-nf/TAADisco/run-derouane-et-al/stage-51f7fe63-72a6-4349-9b0a-20ec0487ea69/ef/9ddcc152dbd757efe6e77e05011953/R11_UCL_pos_R2.fastq.gz
Nov-14 15:03:41.660 [FileTransfer-3] DEBUG n.cloud.aws.nio.S3FileSystemProvider - S3 upload file from=/home/ec2-user/repos/TAADisco/input-data/fastqs/Derouane-et-al/TNBC/R02_UCL_pos_R1.fastq.gz to=s3://crmy-aws-batch-nf/TAADisco/run-derouane-et-al/stage-51f7fe63-72a6-4349-9b0a-20ec0487ea69/3c/0abbf349524115ee27fea0d8accd17/R02_UCL_pos_R1.fastq.gz
Nov-14 15:03:41.661 [FileTransfer-7] DEBUG n.cloud.aws.nio.S3FileSystemProvider - S3 upload file from=/home/ec2-user/repos/TAADisco/input-data/fastqs/Derouane-et-al/TNBC/R02_UCL_pre_R1.fastq.gz to=s3://crmy-aws-batch-nf/TAADisco/run-derouane-et-al/stage-51f7fe63-72a6-4349-9b0a-20ec0487ea69/fb/dcf3c4830eb66c3a3c00e0d2b05113/R02_UCL_pre_R1.fastq.gz
Nov-14 15:03:41.675 [FileTransfer-5] DEBUG n.cloud.aws.nio.S3FileSystemProvider - S3 upload file from=/home/ec2-user/repos/TAADisco/input-data/fastqs/Derouane-et-al/TNBC/R11_UCL_pos_R1.fastq.gz to=s3://crmy-aws-batch-nf/TAADisco/run-derouane-et-al/stage-51f7fe63-72a6-4349-9b0a-20ec0487ea69/b8/b3242fc252d7c058a427f88312bafc/R11_UCL_pos_R1.fastq.gz
Nov-14 15:03:43.599 [Actor Thread 6] INFO  nextflow.file.FilePorter - Staging foreign file: /home/ec2-user/repos/TAADisco/input-data/fastqs/Derouane-et-al/TNBC/R13_UCL_pos_R1.fastq.gz
Nov-14 15:03:43.599 [Actor Thread 3] INFO  nextflow.file.FilePorter - Staging foreign file: /home/ec2-user/repos/TAADisco/input-data/fastqs/Derouane-et-al/TNBC/R02_UCL_pos_R1.fastq.gz
Nov-14 15:03:43.601 [Actor Thread 1] INFO  nextflow.file.FilePorter - Staging foreign file: /home/ec2-user/repos/TAADisco/input-data/fastqs/Derouane-et-al/TNBC/R11_UCL_pos_R1.fastq.gz
Nov-14 15:03:43.608 [Actor Thread 4] INFO  nextflow.file.FilePorter - Staging foreign file: /home/ec2-user/repos/TAADisco/input-data/fastqs/Derouane-et-al/TNBC/R02_UCL_pre_R1.fastq.gz
Nov-14 15:03:45.612 [Actor Thread 6] INFO  nextflow.file.FilePorter - Staging foreign file: /home/ec2-user/repos/TAADisco/input-data/fastqs/Derouane-et-al/TNBC/R13_UCL_pos_R2.fastq.gz
Nov-14 15:03:45.613 [Actor Thread 3] INFO  nextflow.file.FilePorter - Staging foreign file: /home/ec2-user/repos/TAADisco/input-data/fastqs/Derouane-et-al/TNBC/R02_UCL_pos_R2.fastq.gz
Nov-14 15:03:45.613 [Actor Thread 4] INFO  nextflow.file.FilePorter - Staging foreign file: /home/ec2-user/repos/TAADisco/input-data/fastqs/Derouane-et-al/TNBC/R02_UCL_pre_R2.fastq.gz
Nov-14 15:03:45.613 [Actor Thread 1] INFO  nextflow.file.FilePorter - Staging foreign file: /home/ec2-user/repos/TAADisco/input-data/fastqs/Derouane-et-al/TNBC/R11_UCL_pos_R2.fastq.gz
Nov-14 15:08:24.926 [FileTransfer-9] DEBUG nextflow.file.FilePorter - Copying foreign file /home/ec2-user/repos/TAADisco/input-data/fastqs/Derouane-et-al/TNBC/R27_UCL_pos_R1.fastq.gz to work dir: s3://crmy-aws-batch-nf/TAADisco/run-derouane-et-al/stage-51f7fe63-72a6-4349-9b0a-20ec0487ea69/e5/dc74adb714b967ff187178a815425f/R27_UCL_pos_R1.fastq.gz
Nov-14 15:08:24.939 [FileTransfer-9] DEBUG n.cloud.aws.nio.S3FileSystemProvider - S3 upload file from=/home/ec2-user/repos/TAADisco/input-data/fastqs/Derouane-et-al/TNBC/R27_UCL_pos_R1.fastq.gz to=s3://crmy-aws-batch-nf/TAADisco/run-derouane-et-al/stage-51f7fe63-72a6-4349-9b0a-20ec0487ea69/e5/dc74adb714b967ff187178a815425f/R27_UCL_pos_R1.fastq.gz
Nov-14 15:08:24.970 [FileTransfer-10] DEBUG nextflow.file.FilePorter - Copying foreign file /home/ec2-user/repos/TAADisco/input-data/fastqs/Derouane-et-al/TNBC/R27_UCL_pos_R2.fastq.gz to work dir: s3://crmy-aws-batch-nf/TAADisco/run-derouane-et-al/stage-51f7fe63-72a6-4349-9b0a-20ec0487ea69/05/7e20d74dc3d3f1b7433725ac303786/R27_UCL_pos_R2.fastq.gz
Nov-14 15:08:24.983 [FileTransfer-10] DEBUG n.cloud.aws.nio.S3FileSystemProvider - S3 upload file from=/home/ec2-user/repos/TAADisco/input-data/fastqs/Derouane-et-al/TNBC/R27_UCL_pos_R2.fastq.gz to=s3://crmy-aws-batch-nf/TAADisco/run-derouane-et-al/stage-51f7fe63-72a6-4349-9b0a-20ec0487ea69/05/7e20d74dc3d3f1b7433725ac303786/R27_UCL_pos_R2.fastq.gz
Nov-14 15:08:25.287 [AWSBatch-executor-1] DEBUG n.c.aws.batch.AwsBatchTaskHandler - [AWS BATCH] Process `TRIM_READS_FASTP (R13_UCL_pos)` submitted > job=40743973-cda5-4ec8-9146-191b45168c6f; work-dir=s3://crmy-aws-batch-nf/TAADisco/run-derouane-et-al/ed/ff44a5ae8d396a82c01832def36209
Nov-14 15:08:25.287 [AWSBatch-executor-1] INFO  nextflow.Session - [ed/ff44a5] Submitted process > TRIM_READS_FASTP (R13_UCL_pos)
Nov-14 15:08:26.914 [Actor Thread 7] INFO  nextflow.file.FilePorter - Staging foreign file: /home/ec2-user/repos/TAADisco/input-data/fastqs/Derouane-et-al/TNBC/R27_UCL_pos_R1.fastq.gz
Nov-14 15:08:28.915 [Actor Thread 7] INFO  nextflow.file.FilePorter - Staging foreign file: /home/ec2-user/repos/TAADisco/input-data/fastqs/Derouane-et-al/TNBC/R27_UCL_pos_R2.fastq.gz
Nov-14 15:08:48.785 [Task monitor] DEBUG n.processor.TaskPollingMonitor - !! executor awsbatch > tasks to be completed: 1 -- submitted tasks are shown below
~> TaskHandler[id: 4; name: TRIM_READS_FASTP (R13_UCL_pos); status: SUBMITTED; exit: -; error: -; workDir: s3://crmy-aws-batch-nf/TAADisco/run-derouane-et-al/ed/ff44a5ae8d396a82c01832def36209]
Nov-14 15:10:27.884 [FileTransfer-8] DEBUG nextflow.file.FilePorter - Copying foreign file /home/ec2-user/repos/TAADisco/input-data/fastqs/Derouane-et-al/TNBC/R29_UCL_pos_R1.fastq.gz to work dir: s3://crmy-aws-batch-nf/TAADisco/run-derouane-et-al/stage-51f7fe63-72a6-4349-9b0a-20ec0487ea69/df/541e07d7cfcafe4cc27f2a42e9bd97/R29_UCL_pos_R1.fastq.gz
Nov-14 15:10:27.895 [FileTransfer-8] DEBUG n.cloud.aws.nio.S3FileSystemProvider - S3 upload file from=/home/ec2-user/repos/TAADisco/input-data/fastqs/Derouane-et-al/TNBC/R29_UCL_pos_R1.fastq.gz to=s3://crmy-aws-batch-nf/TAADisco/run-derouane-et-al/stage-51f7fe63-72a6-4349-9b0a-20ec0487ea69/df/541e07d7cfcafe4cc27f2a42e9bd97/R29_UCL_pos_R1.fastq.gz
Nov-14 15:10:27.903 [FileTransfer-1] DEBUG nextflow.file.FilePorter - Copying foreign file /home/ec2-user/repos/TAADisco/input-data/fastqs/Derouane-et-al/TNBC/R29_UCL_pos_R2.fastq.gz to work dir: s3://crmy-aws-batch-nf/TAADisco/run-derouane-et-al/stage-51f7fe63-72a6-4349-9b0a-20ec0487ea69/e2/8d2af5cd6040e73515a4d9ede54ec1/R29_UCL_pos_R2.fastq.gz
Nov-14 15:10:27.914 [FileTransfer-1] DEBUG n.cloud.aws.nio.S3FileSystemProvider - S3 upload file from=/home/ec2-user/repos/TAADisco/input-data/fastqs/Derouane-et-al/TNBC/R29_UCL_pos_R2.fastq.gz to=s3://crmy-aws-batch-nf/TAADisco/run-derouane-et-al/stage-51f7fe63-72a6-4349-9b0a-20ec0487ea69/e2/8d2af5cd6040e73515a4d9ede54ec1/R29_UCL_pos_R2.fastq.gz
Nov-14 15:10:27.948 [AWSBatch-executor-14] DEBUG n.c.aws.batch.AwsBatchTaskHandler - [AWS BATCH] Process `TRIM_READS_FASTP (R02_UCL_pre)` submitted > job=e9605168-e004-470b-880c-26fe78d58e47; work-dir=s3://crmy-aws-batch-nf/TAADisco/run-derouane-et-al/90/ed2975377f0726139c1274b5ea4c75
Nov-14 15:10:27.949 [AWSBatch-executor-14] INFO  nextflow.Session - [90/ed2975] Submitted process > TRIM_READS_FASTP (R02_UCL_pre)
Nov-14 15:10:29.875 [Actor Thread 4] INFO  nextflow.file.FilePorter - Staging foreign file: /home/ec2-user/repos/TAADisco/input-data/fastqs/Derouane-et-al/TNBC/R29_UCL_pos_R1.fastq.gz
Nov-14 15:10:31.875 [Actor Thread 4] INFO  nextflow.file.FilePorter - Staging foreign file: /home/ec2-user/repos/TAADisco/input-data/fastqs/Derouane-et-al/TNBC/R29_UCL_pos_R2.fastq.gz
Nov-14 15:12:53.240 [FileTransfer-2] DEBUG nextflow.file.FilePorter - Copying foreign file /home/ec2-user/repos/TAADisco/input-data/fastqs/Derouane-et-al/TNBC/P56_UCL_pos_R1.fastq.gz to work dir: s3://crmy-aws-batch-nf/TAADisco/run-derouane-et-al/stage-51f7fe63-72a6-4349-9b0a-20ec0487ea69/2b/ab72d737711a9316af14345fe3d33c/P56_UCL_pos_R1.fastq.gz
Nov-14 15:12:53.262 [FileTransfer-6] DEBUG nextflow.file.FilePorter - Copying foreign file /home/ec2-user/repos/TAADisco/input-data/fastqs/Derouane-et-al/TNBC/P56_UCL_pos_R2.fastq.gz to work dir: s3://crmy-aws-batch-nf/TAADisco/run-derouane-et-al/stage-51f7fe63-72a6-4349-9b0a-20ec0487ea69/e5/b10c25b476442a756282f997ad4e57/P56_UCL_pos_R2.fastq.gz
Nov-14 15:12:53.270 [FileTransfer-2] DEBUG n.cloud.aws.nio.S3FileSystemProvider - S3 upload file from=/home/ec2-user/repos/TAADisco/input-data/fastqs/Derouane-et-al/TNBC/P56_UCL_pos_R1.fastq.gz to=s3://crmy-aws-batch-nf/TAADisco/run-derouane-et-al/stage-51f7fe63-72a6-4349-9b0a-20ec0487ea69/2b/ab72d737711a9316af14345fe3d33c/P56_UCL_pos_R1.fastq.gz
Nov-14 15:12:53.272 [FileTransfer-6] DEBUG n.cloud.aws.nio.S3FileSystemProvider - S3 upload file from=/home/ec2-user/repos/TAADisco/input-data/fastqs/Derouane-et-al/TNBC/P56_UCL_pos_R2.fastq.gz to=s3://crmy-aws-batch-nf/TAADisco/run-derouane-et-al/stage-51f7fe63-72a6-4349-9b0a-20ec0487ea69/e5/b10c25b476442a756282f997ad4e57/P56_UCL_pos_R2.fastq.gz
Nov-14 15:12:53.290 [AWSBatch-executor-30] DEBUG n.c.aws.batch.AwsBatchTaskHandler - [AWS BATCH] Process `TRIM_READS_FASTP (R02_UCL_pos)` submitted > job=7532e267-0c6b-4003-aaae-2d82b87a658f; work-dir=s3://crmy-aws-batch-nf/TAADisco/run-derouane-et-al/02/24da0b7471f8c2ffea5d87eb4c59a5
Nov-14 15:12:53.290 [AWSBatch-executor-30] INFO  nextflow.Session - [02/24da0b] Submitted process > TRIM_READS_FASTP (R02_UCL_pos)
Nov-14 15:12:55.232 [Actor Thread 3] INFO  nextflow.file.FilePorter - Staging foreign file: /home/ec2-user/repos/TAADisco/input-data/fastqs/Derouane-et-al/TNBC/P56_UCL_pos_R1.fastq.gz
Nov-14 15:12:56.483 [FileTransfer-7] DEBUG nextflow.file.FilePorter - Copying foreign file /home/ec2-user/repos/TAADisco/input-data/fastqs/Derouane-et-al/TNBC/R11_UCL_pre_R1.fastq.gz to work dir: s3://crmy-aws-batch-nf/TAADisco/run-derouane-et-al/stage-51f7fe63-72a6-4349-9b0a-20ec0487ea69/9d/b239b208ca7cfcb2c91c9c2f8cfea8/R11_UCL_pre_R1.fastq.gz
Nov-14 15:12:56.483 [FileTransfer-3] DEBUG nextflow.file.FilePorter - Copying foreign file /home/ec2-user/repos/TAADisco/input-data/fastqs/Derouane-et-al/TNBC/R11_UCL_pre_R2.fastq.gz to work dir: s3://crmy-aws-batch-nf/TAADisco/run-derouane-et-al/stage-51f7fe63-72a6-4349-9b0a-20ec0487ea69/7e/0e53cebe5376dd66eeb289f1f7a91a/R11_UCL_pre_R2.fastq.gz
Nov-14 15:12:56.493 [FileTransfer-3] DEBUG n.cloud.aws.nio.S3FileSystemProvider - S3 upload file from=/home/ec2-user/repos/TAADisco/input-data/fastqs/Derouane-et-al/TNBC/R11_UCL_pre_R2.fastq.gz to=s3://crmy-aws-batch-nf/TAADisco/run-derouane-et-al/stage-51f7fe63-72a6-4349-9b0a-20ec0487ea69/7e/0e53cebe5376dd66eeb289f1f7a91a/R11_UCL_pre_R2.fastq.gz
Nov-14 15:12:56.493 [FileTransfer-7] DEBUG n.cloud.aws.nio.S3FileSystemProvider - S3 upload file from=/home/ec2-user/repos/TAADisco/input-data/fastqs/Derouane-et-al/TNBC/R11_UCL_pre_R1.fastq.gz to=s3://crmy-aws-batch-nf/TAADisco/run-derouane-et-al/stage-51f7fe63-72a6-4349-9b0a-20ec0487ea69/9d/b239b208ca7cfcb2c91c9c2f8cfea8/R11_UCL_pre_R1.fastq.gz
Nov-14 15:12:56.504 [AWSBatch-executor-31] DEBUG n.c.aws.batch.AwsBatchTaskHandler - [AWS BATCH] Process `TRIM_READS_FASTP (R11_UCL_pos)` submitted > job=21eb0edf-af7e-49ea-ab45-b89d6f57bb5d; work-dir=s3://crmy-aws-batch-nf/TAADisco/run-derouane-et-al/bc/674a492424ce6b30edd2bc4d9430cf
Nov-14 15:12:56.504 [AWSBatch-executor-31] INFO  nextflow.Session - [bc/674a49] Submitted process > TRIM_READS_FASTP (R11_UCL_pos)
Nov-14 15:12:57.233 [Actor Thread 3] INFO  nextflow.file.FilePorter - Staging foreign file: /home/ec2-user/repos/TAADisco/input-data/fastqs/Derouane-et-al/TNBC/P56_UCL_pos_R2.fastq.gz
Nov-14 15:12:58.472 [Actor Thread 1] INFO  nextflow.file.FilePorter - Staging foreign file: /home/ec2-user/repos/TAADisco/input-data/fastqs/Derouane-et-al/TNBC/R11_UCL_pre_R1.fastq.gz
Nov-14 15:13:00.473 [Actor Thread 1] INFO  nextflow.file.FilePorter - Staging foreign file: /home/ec2-user/repos/TAADisco/input-data/fastqs/Derouane-et-al/TNBC/R11_UCL_pre_R2.fastq.gz
Nov-14 15:13:48.794 [Task monitor] DEBUG n.processor.TaskPollingMonitor - !! executor awsbatch > tasks to be completed: 4 -- submitted tasks are shown below
~> TaskHandler[id: 4; name: TRIM_READS_FASTP (R13_UCL_pos); status: RUNNING; exit: -; error: -; workDir: s3://crmy-aws-batch-nf/TAADisco/run-derouane-et-al/ed/ff44a5ae8d396a82c01832def36209]
~> TaskHandler[id: 2; name: TRIM_READS_FASTP (R02_UCL_pre); status: SUBMITTED; exit: -; error: -; workDir: s3://crmy-aws-batch-nf/TAADisco/run-derouane-et-al/90/ed2975377f0726139c1274b5ea4c75]
~> TaskHandler[id: 1; name: TRIM_READS_FASTP (R02_UCL_pos); status: SUBMITTED; exit: -; error: -; workDir: s3://crmy-aws-batch-nf/TAADisco/run-derouane-et-al/02/24da0b7471f8c2ffea5d87eb4c59a5]
~> TaskHandler[id: 3; name: TRIM_READS_FASTP (R11_UCL_pos); status: SUBMITTED; exit: -; error: -; workDir: s3://crmy-aws-batch-nf/TAADisco/run-derouane-et-al/bc/674a492424ce6b30edd2bc4d9430cf]
Nov-14 15:14:48.663 [FileTransfer-4] DEBUG nextflow.file.FilePorter - Copying foreign file /home/ec2-user/repos/TAADisco/input-data/fastqs/Derouane-et-al/TNBC/R13_UCL_pre_R1.fastq.gz to work dir: s3://crmy-aws-batch-nf/TAADisco/run-derouane-et-al/stage-51f7fe63-72a6-4349-9b0a-20ec0487ea69/d2/8456d300e03bd1973fd9a090d5d62e/R13_UCL_pre_R1.fastq.gz
Nov-14 15:14:48.675 [FileTransfer-4] DEBUG n.cloud.aws.nio.S3FileSystemProvider - S3 upload file from=/home/ec2-user/repos/TAADisco/input-data/fastqs/Derouane-et-al/TNBC/R13_UCL_pre_R1.fastq.gz to=s3://crmy-aws-batch-nf/TAADisco/run-derouane-et-al/stage-51f7fe63-72a6-4349-9b0a-20ec0487ea69/d2/8456d300e03bd1973fd9a090d5d62e/R13_UCL_pre_R1.fastq.gz
Nov-14 15:14:48.687 [FileTransfer-5] DEBUG nextflow.file.FilePorter - Copying foreign file /home/ec2-user/repos/TAADisco/input-data/fastqs/Derouane-et-al/TNBC/R13_UCL_pre_R2.fastq.gz to work dir: s3://crmy-aws-batch-nf/TAADisco/run-derouane-et-al/stage-51f7fe63-72a6-4349-9b0a-20ec0487ea69/d4/579de85c089402883578ee9d1fb0eb/R13_UCL_pre_R2.fastq.gz
Nov-14 15:14:48.698 [FileTransfer-5] DEBUG n.cloud.aws.nio.S3FileSystemProvider - S3 upload file from=/home/ec2-user/repos/TAADisco/input-data/fastqs/Derouane-et-al/TNBC/R13_UCL_pre_R2.fastq.gz to=s3://crmy-aws-batch-nf/TAADisco/run-derouane-et-al/stage-51f7fe63-72a6-4349-9b0a-20ec0487ea69/d4/579de85c089402883578ee9d1fb0eb/R13_UCL_pre_R2.fastq.gz
Nov-14 15:14:48.729 [AWSBatch-executor-43] DEBUG n.c.aws.batch.AwsBatchTaskHandler - [AWS BATCH] Process `TRIM_READS_FASTP (R27_UCL_pos)` submitted > job=f1dbace1-5c6e-4975-b524-5a7a18202c85; work-dir=s3://crmy-aws-batch-nf/TAADisco/run-derouane-et-al/17/bcb329db8d5a72d8c3b9d3c1c5c0a7
Nov-14 15:14:48.730 [AWSBatch-executor-43] INFO  nextflow.Session - [17/bcb329] Submitted process > TRIM_READS_FASTP (R27_UCL_pos)
Nov-14 15:14:50.653 [Actor Thread 7] INFO  nextflow.file.FilePorter - Staging foreign file: /home/ec2-user/repos/TAADisco/input-data/fastqs/Derouane-et-al/TNBC/R13_UCL_pre_R1.fastq.gz
Nov-14 15:14:52.653 [Actor Thread 7] INFO  nextflow.file.FilePorter - Staging foreign file: /home/ec2-user/repos/TAADisco/input-data/fastqs/Derouane-et-al/TNBC/R13_UCL_pre_R2.fastq.gz
Nov-14 15:17:11.266 [FileTransfer-10] DEBUG nextflow.file.FilePorter - Copying foreign file /home/ec2-user/repos/TAADisco/input-data/fastqs/Derouane-et-al/TNBC/R27_UCL_pre_R2.fastq.gz to work dir: s3://crmy-aws-batch-nf/TAADisco/run-derouane-et-al/stage-51f7fe63-72a6-4349-9b0a-20ec0487ea69/a4/432e92932f14b9d48cc8ae3da3c1a6/R27_UCL_pre_R2.fastq.gz
Nov-14 15:17:11.276 [FileTransfer-10] DEBUG n.cloud.aws.nio.S3FileSystemProvider - S3 upload file from=/home/ec2-user/repos/TAADisco/input-data/fastqs/Derouane-et-al/TNBC/R27_UCL_pre_R2.fastq.gz to=s3://crmy-aws-batch-nf/TAADisco/run-derouane-et-al/stage-51f7fe63-72a6-4349-9b0a-20ec0487ea69/a4/432e92932f14b9d48cc8ae3da3c1a6/R27_UCL_pre_R2.fastq.gz
Nov-14 15:17:11.284 [FileTransfer-9] DEBUG nextflow.file.FilePorter - Copying foreign file /home/ec2-user/repos/TAADisco/input-data/fastqs/Derouane-et-al/TNBC/R27_UCL_pre_R1.fastq.gz to work dir: s3://crmy-aws-batch-nf/TAADisco/run-derouane-et-al/stage-51f7fe63-72a6-4349-9b0a-20ec0487ea69/96/b1e7f109aa7ba3fe05ad03882a3fd4/R27_UCL_pre_R1.fastq.gz
Nov-14 15:17:11.294 [FileTransfer-9] DEBUG n.cloud.aws.nio.S3FileSystemProvider - S3 upload file from=/home/ec2-user/repos/TAADisco/input-data/fastqs/Derouane-et-al/TNBC/R27_UCL_pre_R1.fastq.gz to=s3://crmy-aws-batch-nf/TAADisco/run-derouane-et-al/stage-51f7fe63-72a6-4349-9b0a-20ec0487ea69/96/b1e7f109aa7ba3fe05ad03882a3fd4/R27_UCL_pre_R1.fastq.gz
Nov-14 15:17:11.328 [AWSBatch-executor-59] DEBUG n.c.aws.batch.AwsBatchTaskHandler - [AWS BATCH] Process `TRIM_READS_FASTP (R29_UCL_pos)` submitted > job=526aff62-2fc7-4294-afb2-121b41409c6f; work-dir=s3://crmy-aws-batch-nf/TAADisco/run-derouane-et-al/b8/124ac71ddf525b8eaccf587ca538ba
Nov-14 15:17:11.328 [AWSBatch-executor-59] INFO  nextflow.Session - [b8/124ac7] Submitted process > TRIM_READS_FASTP (R29_UCL_pos)
Nov-14 15:17:13.255 [Actor Thread 4] INFO  nextflow.file.FilePorter - Staging foreign file: /home/ec2-user/repos/TAADisco/input-data/fastqs/Derouane-et-al/TNBC/R27_UCL_pre_R1.fastq.gz
Nov-14 15:17:15.255 [Actor Thread 4] INFO  nextflow.file.FilePorter - Staging foreign file: /home/ec2-user/repos/TAADisco/input-data/fastqs/Derouane-et-al/TNBC/R27_UCL_pre_R2.fastq.gz
Nov-14 15:18:19.785 [FileTransfer-8] DEBUG nextflow.file.FilePorter - Copying foreign file /home/ec2-user/repos/TAADisco/input-data/fastqs/Derouane-et-al/TNBC/R29_UCL_pre_R1.fastq.gz to work dir: s3://crmy-aws-batch-nf/TAADisco/run-derouane-et-al/stage-51f7fe63-72a6-4349-9b0a-20ec0487ea69/68/8c56f725e3d309ad18161ba3a8f7e8/R29_UCL_pre_R1.fastq.gz
Nov-14 15:18:19.785 [FileTransfer-1] DEBUG nextflow.file.FilePorter - Copying foreign file /home/ec2-user/repos/TAADisco/input-data/fastqs/Derouane-et-al/TNBC/R29_UCL_pre_R2.fastq.gz to work dir: s3://crmy-aws-batch-nf/TAADisco/run-derouane-et-al/stage-51f7fe63-72a6-4349-9b0a-20ec0487ea69/16/3acbbf3852373cc36df0e19ae8cf3b/R29_UCL_pre_R2.fastq.gz
Nov-14 15:18:19.796 [FileTransfer-1] DEBUG n.cloud.aws.nio.S3FileSystemProvider - S3 upload file from=/home/ec2-user/repos/TAADisco/input-data/fastqs/Derouane-et-al/TNBC/R29_UCL_pre_R2.fastq.gz to=s3://crmy-aws-batch-nf/TAADisco/run-derouane-et-al/stage-51f7fe63-72a6-4349-9b0a-20ec0487ea69/16/3acbbf3852373cc36df0e19ae8cf3b/R29_UCL_pre_R2.fastq.gz
Nov-14 15:18:19.796 [FileTransfer-8] DEBUG n.cloud.aws.nio.S3FileSystemProvider - S3 upload file from=/home/ec2-user/repos/TAADisco/input-data/fastqs/Derouane-et-al/TNBC/R29_UCL_pre_R1.fastq.gz to=s3://crmy-aws-batch-nf/TAADisco/run-derouane-et-al/stage-51f7fe63-72a6-4349-9b0a-20ec0487ea69/68/8c56f725e3d309ad18161ba3a8f7e8/R29_UCL_pre_R1.fastq.gz
Nov-14 15:18:19.818 [AWSBatch-executor-67] DEBUG n.c.aws.batch.AwsBatchTaskHandler - [AWS BATCH] Process `TRIM_READS_FASTP (P56_UCL_pos)` submitted > job=e2634c0c-bc55-4eb7-aaf9-37ef6a0373ba; work-dir=s3://crmy-aws-batch-nf/TAADisco/run-derouane-et-al/a7/f51ddc3649079e03e023f195d1457f
Nov-14 15:18:19.820 [AWSBatch-executor-67] INFO  nextflow.Session - [a7/f51ddc] Submitted process > TRIM_READS_FASTP (P56_UCL_pos)
Nov-14 15:18:21.773 [Actor Thread 3] INFO  nextflow.file.FilePorter - Staging foreign file: /home/ec2-user/repos/TAADisco/input-data/fastqs/Derouane-et-al/TNBC/R29_UCL_pre_R1.fastq.gz
Nov-14 15:18:23.774 [Actor Thread 3] INFO  nextflow.file.FilePorter - Staging foreign file: /home/ec2-user/repos/TAADisco/input-data/fastqs/Derouane-et-al/TNBC/R29_UCL_pre_R2.fastq.gz
Nov-14 15:18:39.226 [Task monitor] DEBUG n.processor.TaskPollingMonitor - Task completed > TaskHandler[id: 4; name: TRIM_READS_FASTP (R13_UCL_pos); status: COMPLETED; exit: 0; error: -; workDir: s3://crmy-aws-batch-nf/TAADisco/run-derouane-et-al/ed/ff44a5ae8d396a82c01832def36209]
Nov-14 15:18:39.228 [Task monitor] DEBUG nextflow.util.ThreadPoolBuilder - Creating thread pool 'TaskFinalizer' minSize=10; maxSize=12; workQueue=LinkedBlockingQueue[-1]; allowCoreThreadTimeout=false
Nov-14 15:18:39.395 [TaskFinalizer-1] DEBUG nextflow.util.ThreadPoolBuilder - Creating thread pool 'PublishDir' minSize=10; maxSize=12; workQueue=LinkedBlockingQueue[-1]; allowCoreThreadTimeout=false
Nov-14 15:18:39.437 [PublishDir-1] DEBUG n.cloud.aws.nio.S3FileSystemProvider - S3 download file from=s3://crmy-aws-batch-nf/TAADisco/run-derouane-et-al/ed/ff44a5ae8d396a82c01832def36209/R13_UCL_pos_fastp.html to=/home/ec2-user/repos/TAADisco/nextflow/outputs/run-Derouane-et-al/trimmed_reads/R13_UCL_pos_fastp.html size=1686098
Nov-14 15:18:39.439 [PublishDir-2] DEBUG n.cloud.aws.nio.S3FileSystemProvider - S3 download file from=s3://crmy-aws-batch-nf/TAADisco/run-derouane-et-al/ed/ff44a5ae8d396a82c01832def36209/R13_UCL_pos_R1_trimmed.fastq.gz to=/home/ec2-user/repos/TAADisco/nextflow/outputs/run-Derouane-et-al/trimmed_reads/R13_UCL_pos_R1_trimmed.fastq.gz size=3641529721
Nov-14 15:18:39.440 [PublishDir-3] DEBUG n.cloud.aws.nio.S3FileSystemProvider - S3 download file from=s3://crmy-aws-batch-nf/TAADisco/run-derouane-et-al/ed/ff44a5ae8d396a82c01832def36209/R13_UCL_pos_R2_trimmed.fastq.gz to=/home/ec2-user/repos/TAADisco/nextflow/outputs/run-Derouane-et-al/trimmed_reads/R13_UCL_pos_R2_trimmed.fastq.gz size=3833422852
Nov-14 15:18:40.338 [AWSBatch-executor-70] DEBUG n.c.aws.batch.AwsBatchTaskHandler - [AWS BATCH] Process `QUANT_COUNTS_KALLISTO (R13_UCL_pos)` submitted > job=3e05d717-24f4-42ee-8281-a1eba8c667b6; work-dir=s3://crmy-aws-batch-nf/TAADisco/run-derouane-et-al/7b/802948387f79a691e7d8e7c75083ad
Nov-14 15:18:40.338 [AWSBatch-executor-70] INFO  nextflow.Session - [7b/802948] Submitted process > QUANT_COUNTS_KALLISTO (R13_UCL_pos)
Nov-14 15:18:48.807 [Task monitor] DEBUG n.processor.TaskPollingMonitor - !! executor awsbatch > tasks to be completed: 7 -- submitted tasks are shown below
~> TaskHandler[id: 2; name: TRIM_READS_FASTP (R02_UCL_pre); status: RUNNING; exit: -; error: -; workDir: s3://crmy-aws-batch-nf/TAADisco/run-derouane-et-al/90/ed2975377f0726139c1274b5ea4c75]
~> TaskHandler[id: 1; name: TRIM_READS_FASTP (R02_UCL_pos); status: SUBMITTED; exit: -; error: -; workDir: s3://crmy-aws-batch-nf/TAADisco/run-derouane-et-al/02/24da0b7471f8c2ffea5d87eb4c59a5]
~> TaskHandler[id: 3; name: TRIM_READS_FASTP (R11_UCL_pos); status: SUBMITTED; exit: -; error: -; workDir: s3://crmy-aws-batch-nf/TAADisco/run-derouane-et-al/bc/674a492424ce6b30edd2bc4d9430cf]
~> TaskHandler[id: 5; name: TRIM_READS_FASTP (R27_UCL_pos); status: SUBMITTED; exit: -; error: -; workDir: s3://crmy-aws-batch-nf/TAADisco/run-derouane-et-al/17/bcb329db8d5a72d8c3b9d3c1c5c0a7]
~> TaskHandler[id: 6; name: TRIM_READS_FASTP (R29_UCL_pos); status: SUBMITTED; exit: -; error: -; workDir: s3://crmy-aws-batch-nf/TAADisco/run-derouane-et-al/b8/124ac71ddf525b8eaccf587ca538ba]
~> TaskHandler[id: 7; name: TRIM_READS_FASTP (P56_UCL_pos); status: SUBMITTED; exit: -; error: -; workDir: s3://crmy-aws-batch-nf/TAADisco/run-derouane-et-al/a7/f51ddc3649079e03e023f195d1457f]
~> TaskHandler[id: 13; name: QUANT_COUNTS_KALLISTO (R13_UCL_pos); status: SUBMITTED; exit: -; error: -; workDir: s3://crmy-aws-batch-nf/TAADisco/run-derouane-et-al/7b/802948387f79a691e7d8e7c75083ad]
Nov-14 15:19:02.381 [FileTransfer-2] DEBUG nextflow.file.FilePorter - Copying foreign file /home/ec2-user/repos/TAADisco/input-data/fastqs/Derouane-et-al/TNBC/P56_UCL_pre_R1.fastq.gz to work dir: s3://crmy-aws-batch-nf/TAADisco/run-derouane-et-al/stage-51f7fe63-72a6-4349-9b0a-20ec0487ea69/df/195d93a10676ce0b3402470179f694/P56_UCL_pre_R1.fastq.gz
Nov-14 15:19:02.391 [FileTransfer-2] DEBUG n.cloud.aws.nio.S3FileSystemProvider - S3 upload file from=/home/ec2-user/repos/TAADisco/input-data/fastqs/Derouane-et-al/TNBC/P56_UCL_pre_R1.fastq.gz to=s3://crmy-aws-batch-nf/TAADisco/run-derouane-et-al/stage-51f7fe63-72a6-4349-9b0a-20ec0487ea69/df/195d93a10676ce0b3402470179f694/P56_UCL_pre_R1.fastq.gz
Nov-14 15:19:02.392 [FileTransfer-6] DEBUG nextflow.file.FilePorter - Copying foreign file /home/ec2-user/repos/TAADisco/input-data/fastqs/Derouane-et-al/TNBC/P56_UCL_pre_R2.fastq.gz to work dir: s3://crmy-aws-batch-nf/TAADisco/run-derouane-et-al/stage-51f7fe63-72a6-4349-9b0a-20ec0487ea69/75/78d6c33dc70515326c3b513ce7d442/P56_UCL_pre_R2.fastq.gz
Nov-14 15:19:02.404 [FileTransfer-6] DEBUG n.cloud.aws.nio.S3FileSystemProvider - S3 upload file from=/home/ec2-user/repos/TAADisco/input-data/fastqs/Derouane-et-al/TNBC/P56_UCL_pre_R2.fastq.gz to=s3://crmy-aws-batch-nf/TAADisco/run-derouane-et-al/stage-51f7fe63-72a6-4349-9b0a-20ec0487ea69/75/78d6c33dc70515326c3b513ce7d442/P56_UCL_pre_R2.fastq.gz
Nov-14 15:19:02.479 [AWSBatch-executor-73] DEBUG n.c.aws.batch.AwsBatchTaskHandler - [AWS BATCH] Process `TRIM_READS_FASTP (R11_UCL_pre)` submitted > job=3488411e-ddda-4546-a978-50fefb1eb721; work-dir=s3://crmy-aws-batch-nf/TAADisco/run-derouane-et-al/9e/a79f51c712b466bd90d1a86a53659c
Nov-14 15:19:02.480 [AWSBatch-executor-73] INFO  nextflow.Session - [9e/a79f51] Submitted process > TRIM_READS_FASTP (R11_UCL_pre)
Nov-14 15:19:04.371 [Actor Thread 14] INFO  nextflow.file.FilePorter - Staging foreign file: /home/ec2-user/repos/TAADisco/input-data/fastqs/Derouane-et-al/TNBC/P56_UCL_pre_R1.fastq.gz
Nov-14 15:19:06.372 [Actor Thread 14] INFO  nextflow.file.FilePorter - Staging foreign file: /home/ec2-user/repos/TAADisco/input-data/fastqs/Derouane-et-al/TNBC/P56_UCL_pre_R2.fastq.gz
Nov-14 15:20:22.269 [AWSBatch-executor-82] DEBUG n.c.aws.batch.AwsBatchTaskHandler - [AWS BATCH] Process `TRIM_READS_FASTP (R13_UCL_pre)` submitted > job=6311489a-71b2-48ff-80a9-ea4c85d3efd0; work-dir=s3://crmy-aws-batch-nf/TAADisco/run-derouane-et-al/ea/b4a9f4ceeeb63e01e72feedfd717e7
Nov-14 15:20:22.269 [AWSBatch-executor-82] INFO  nextflow.Session - [ea/b4a9f4] Submitted process > TRIM_READS_FASTP (R13_UCL_pre)
Nov-14 15:20:48.897 [Task monitor] DEBUG n.processor.TaskPollingMonitor - Task completed > TaskHandler[id: 2; name: TRIM_READS_FASTP (R02_UCL_pre); status: COMPLETED; exit: 0; error: -; workDir: s3://crmy-aws-batch-nf/TAADisco/run-derouane-et-al/90/ed2975377f0726139c1274b5ea4c75]
Nov-14 15:20:48.956 [PublishDir-4] DEBUG n.cloud.aws.nio.S3FileSystemProvider - S3 download file from=s3://crmy-aws-batch-nf/TAADisco/run-derouane-et-al/90/ed2975377f0726139c1274b5ea4c75/R02_UCL_pre_fastp.html to=/home/ec2-user/repos/TAADisco/nextflow/outputs/run-Derouane-et-al/trimmed_reads/R02_UCL_pre_fastp.html size=3404281
Nov-14 15:20:48.979 [PublishDir-5] DEBUG n.cloud.aws.nio.S3FileSystemProvider - S3 download file from=s3://crmy-aws-batch-nf/TAADisco/run-derouane-et-al/90/ed2975377f0726139c1274b5ea4c75/R02_UCL_pre_R1_trimmed.fastq.gz to=/home/ec2-user/repos/TAADisco/nextflow/outputs/run-Derouane-et-al/trimmed_reads/R02_UCL_pre_R1_trimmed.fastq.gz size=2306747748
Nov-14 15:20:48.986 [PublishDir-6] DEBUG n.cloud.aws.nio.S3FileSystemProvider - S3 download file from=s3://crmy-aws-batch-nf/TAADisco/run-derouane-et-al/90/ed2975377f0726139c1274b5ea4c75/R02_UCL_pre_R2_trimmed.fastq.gz to=/home/ec2-user/repos/TAADisco/nextflow/outputs/run-Derouane-et-al/trimmed_reads/R02_UCL_pre_R2_trimmed.fastq.gz size=2384262006
Nov-14 15:20:49.177 [AWSBatch-executor-86] DEBUG n.c.aws.batch.AwsBatchTaskHandler - [AWS BATCH] Process `QUANT_COUNTS_KALLISTO (R02_UCL_pre)` submitted > job=2d9cfe33-c2b6-4a6b-9b47-3e56698192d2; work-dir=s3://crmy-aws-batch-nf/TAADisco/run-derouane-et-al/d0/aea4ed74f075d9740d9d4a50bd4795
Nov-14 15:20:49.178 [AWSBatch-executor-86] INFO  nextflow.Session - [d0/aea4ed] Submitted process > QUANT_COUNTS_KALLISTO (R02_UCL_pre)
Nov-14 15:21:04.896 [AWSBatch-executor-88] DEBUG n.c.aws.batch.AwsBatchTaskHandler - [AWS BATCH] Process `TRIM_READS_FASTP (R27_UCL_pre)` submitted > job=f1c7a2d7-b41c-48d3-97f8-1e6820e7bfe0; work-dir=s3://crmy-aws-batch-nf/TAADisco/run-derouane-et-al/88/fd8dff5bdd584f13587a182bb14aab
Nov-14 15:21:04.896 [AWSBatch-executor-88] INFO  nextflow.Session - [88/fd8dff] Submitted process > TRIM_READS_FASTP (R27_UCL_pre)
Nov-14 15:22:44.348 [AWSBatch-executor-99] DEBUG n.c.aws.batch.AwsBatchTaskHandler - [AWS BATCH] Process `TRIM_READS_FASTP (R29_UCL_pre)` submitted > job=83482097-bb84-4e4f-9966-c49b4b87420b; work-dir=s3://crmy-aws-batch-nf/TAADisco/run-derouane-et-al/38/1dadaa9fe27d913e555648da33404a
Nov-14 15:22:44.361 [AWSBatch-executor-99] INFO  nextflow.Session - [38/1dadaa] Submitted process > TRIM_READS_FASTP (R29_UCL_pre)
Nov-14 15:23:45.416 [AWSBatch-executor-106] DEBUG n.c.aws.batch.AwsBatchTaskHandler - [AWS BATCH] Process `TRIM_READS_FASTP (P56_UCL_pre)` submitted > job=fea25888-4bfe-4254-8a91-b411dc6caa5c; work-dir=s3://crmy-aws-batch-nf/TAADisco/run-derouane-et-al/0e/adeaab3b8884bbfd36b09f3ae5849f
Nov-14 15:23:45.416 [AWSBatch-executor-106] INFO  nextflow.Session - [0e/adeaab] Submitted process > TRIM_READS_FASTP (P56_UCL_pre)
Nov-14 15:23:48.813 [Task monitor] DEBUG n.processor.TaskPollingMonitor - !! executor awsbatch > tasks to be completed: 12 -- submitted tasks are shown below
~> TaskHandler[id: 1; name: TRIM_READS_FASTP (R02_UCL_pos); status: RUNNING; exit: -; error: -; workDir: s3://crmy-aws-batch-nf/TAADisco/run-derouane-et-al/02/24da0b7471f8c2ffea5d87eb4c59a5]
~> TaskHandler[id: 3; name: TRIM_READS_FASTP (R11_UCL_pos); status: RUNNING; exit: -; error: -; workDir: s3://crmy-aws-batch-nf/TAADisco/run-derouane-et-al/bc/674a492424ce6b30edd2bc4d9430cf]
~> TaskHandler[id: 5; name: TRIM_READS_FASTP (R27_UCL_pos); status: RUNNING; exit: -; error: -; workDir: s3://crmy-aws-batch-nf/TAADisco/run-derouane-et-al/17/bcb329db8d5a72d8c3b9d3c1c5c0a7]
~> TaskHandler[id: 6; name: TRIM_READS_FASTP (R29_UCL_pos); status: RUNNING; exit: -; error: -; workDir: s3://crmy-aws-batch-nf/TAADisco/run-derouane-et-al/b8/124ac71ddf525b8eaccf587ca538ba]
~> TaskHandler[id: 7; name: TRIM_READS_FASTP (P56_UCL_pos); status: SUBMITTED; exit: -; error: -; workDir: s3://crmy-aws-batch-nf/TAADisco/run-derouane-et-al/a7/f51ddc3649079e03e023f195d1457f]
~> TaskHandler[id: 13; name: QUANT_COUNTS_KALLISTO (R13_UCL_pos); status: SUBMITTED; exit: -; error: -; workDir: s3://crmy-aws-batch-nf/TAADisco/run-derouane-et-al/7b/802948387f79a691e7d8e7c75083ad]
~> TaskHandler[id: 8; name: TRIM_READS_FASTP (R11_UCL_pre); status: SUBMITTED; exit: -; error: -; workDir: s3://crmy-aws-batch-nf/TAADisco/run-derouane-et-al/9e/a79f51c712b466bd90d1a86a53659c]
~> TaskHandler[id: 9; name: TRIM_READS_FASTP (R13_UCL_pre); status: SUBMITTED; exit: -; error: -; workDir: s3://crmy-aws-batch-nf/TAADisco/run-derouane-et-al/ea/b4a9f4ceeeb63e01e72feedfd717e7]
~> TaskHandler[id: 14; name: QUANT_COUNTS_KALLISTO (R02_UCL_pre); status: SUBMITTED; exit: -; error: -; workDir: s3://crmy-aws-batch-nf/TAADisco/run-derouane-et-al/d0/aea4ed74f075d9740d9d4a50bd4795]
~> TaskHandler[id: 10; name: TRIM_READS_FASTP (R27_UCL_pre); status: SUBMITTED; exit: -; error: -; workDir: s3://crmy-aws-batch-nf/TAADisco/run-derouane-et-al/88/fd8dff5bdd584f13587a182bb14aab]
.. remaining tasks omitted.
Nov-14 15:26:28.900 [Task monitor] DEBUG n.processor.TaskPollingMonitor - Task completed > TaskHandler[id: 1; name: TRIM_READS_FASTP (R02_UCL_pos); status: COMPLETED; exit: 0; error: -; workDir: s3://crmy-aws-batch-nf/TAADisco/run-derouane-et-al/02/24da0b7471f8c2ffea5d87eb4c59a5]
Nov-14 15:26:28.977 [PublishDir-7] DEBUG n.cloud.aws.nio.S3FileSystemProvider - S3 download file from=s3://crmy-aws-batch-nf/TAADisco/run-derouane-et-al/02/24da0b7471f8c2ffea5d87eb4c59a5/R02_UCL_pos_fastp.html to=/home/ec2-user/repos/TAADisco/nextflow/outputs/run-Derouane-et-al/trimmed_reads/R02_UCL_pos_fastp.html size=1364966
Nov-14 15:26:28.986 [PublishDir-8] DEBUG n.cloud.aws.nio.S3FileSystemProvider - S3 download file from=s3://crmy-aws-batch-nf/TAADisco/run-derouane-et-al/02/24da0b7471f8c2ffea5d87eb4c59a5/R02_UCL_pos_R1_trimmed.fastq.gz to=/home/ec2-user/repos/TAADisco/nextflow/outputs/run-Derouane-et-al/trimmed_reads/R02_UCL_pos_R1_trimmed.fastq.gz size=4522143781
Nov-14 15:26:28.986 [PublishDir-9] DEBUG n.cloud.aws.nio.S3FileSystemProvider - S3 download file from=s3://crmy-aws-batch-nf/TAADisco/run-derouane-et-al/02/24da0b7471f8c2ffea5d87eb4c59a5/R02_UCL_pos_R2_trimmed.fastq.gz to=/home/ec2-user/repos/TAADisco/nextflow/outputs/run-Derouane-et-al/trimmed_reads/R02_UCL_pos_R2_trimmed.fastq.gz size=4714268833
Nov-14 15:26:29.179 [AWSBatch-executor-124] DEBUG n.c.aws.batch.AwsBatchTaskHandler - [AWS BATCH] Process `QUANT_COUNTS_KALLISTO (R02_UCL_pos)` submitted > job=aa49231b-cc17-4715-b03f-1db101fd7541; work-dir=s3://crmy-aws-batch-nf/TAADisco/run-derouane-et-al/eb/6e30d261380159b14c5d36cd6af7b1
Nov-14 15:26:29.180 [AWSBatch-executor-124] INFO  nextflow.Session - [eb/6e30d2] Submitted process > QUANT_COUNTS_KALLISTO (R02_UCL_pos)
Nov-14 15:26:38.894 [Task monitor] DEBUG n.processor.TaskPollingMonitor - Task completed > TaskHandler[id: 5; name: TRIM_READS_FASTP (R27_UCL_pos); status: COMPLETED; exit: 0; error: -; workDir: s3://crmy-aws-batch-nf/TAADisco/run-derouane-et-al/17/bcb329db8d5a72d8c3b9d3c1c5c0a7]
Nov-14 15:26:38.963 [PublishDir-10] DEBUG n.cloud.aws.nio.S3FileSystemProvider - S3 download file from=s3://crmy-aws-batch-nf/TAADisco/run-derouane-et-al/17/bcb329db8d5a72d8c3b9d3c1c5c0a7/R27_UCL_pos_fastp.html to=/home/ec2-user/repos/TAADisco/nextflow/outputs/run-Derouane-et-al/trimmed_reads/R27_UCL_pos_fastp.html size=6202789
Nov-14 15:26:38.976 [PublishDir-1] DEBUG n.cloud.aws.nio.S3FileSystemProvider - S3 download file from=s3://crmy-aws-batch-nf/TAADisco/run-derouane-et-al/17/bcb329db8d5a72d8c3b9d3c1c5c0a7/R27_UCL_pos_R1_trimmed.fastq.gz to=/home/ec2-user/repos/TAADisco/nextflow/outputs/run-Derouane-et-al/trimmed_reads/R27_UCL_pos_R1_trimmed.fastq.gz size=3399751515
Nov-14 15:26:38.983 [PublishDir-4] DEBUG n.cloud.aws.nio.S3FileSystemProvider - S3 download file from=s3://crmy-aws-batch-nf/TAADisco/run-derouane-et-al/17/bcb329db8d5a72d8c3b9d3c1c5c0a7/R27_UCL_pos_R2_trimmed.fastq.gz to=/home/ec2-user/repos/TAADisco/nextflow/outputs/run-Derouane-et-al/trimmed_reads/R27_UCL_pos_R2_trimmed.fastq.gz size=3489505753
Nov-14 15:26:39.168 [AWSBatch-executor-126] DEBUG n.c.aws.batch.AwsBatchTaskHandler - [AWS BATCH] Process `QUANT_COUNTS_KALLISTO (R27_UCL_pos)` submitted > job=fd8066ce-2f44-4fc1-9c6b-f1d0e54c5a20; work-dir=s3://crmy-aws-batch-nf/TAADisco/run-derouane-et-al/52/22e37e8353f6af40383e15a811ca90
Nov-14 15:26:39.169 [AWSBatch-executor-126] INFO  nextflow.Session - [52/22e37e] Submitted process > QUANT_COUNTS_KALLISTO (R27_UCL_pos)
Nov-14 15:27:18.936 [Task monitor] DEBUG n.processor.TaskPollingMonitor - Task completed > TaskHandler[id: 6; name: TRIM_READS_FASTP (R29_UCL_pos); status: COMPLETED; exit: 0; error: -; workDir: s3://crmy-aws-batch-nf/TAADisco/run-derouane-et-al/b8/124ac71ddf525b8eaccf587ca538ba]
Nov-14 15:27:19.012 [PublishDir-5] DEBUG n.cloud.aws.nio.S3FileSystemProvider - S3 download file from=s3://crmy-aws-batch-nf/TAADisco/run-derouane-et-al/b8/124ac71ddf525b8eaccf587ca538ba/R29_UCL_pos_R2_trimmed.fastq.gz to=/home/ec2-user/repos/TAADisco/nextflow/outputs/run-Derouane-et-al/trimmed_reads/R29_UCL_pos_R2_trimmed.fastq.gz size=3722410006
Nov-14 15:27:19.021 [PublishDir-3] DEBUG n.cloud.aws.nio.S3FileSystemProvider - S3 download file from=s3://crmy-aws-batch-nf/TAADisco/run-derouane-et-al/b8/124ac71ddf525b8eaccf587ca538ba/R29_UCL_pos_fastp.html to=/home/ec2-user/repos/TAADisco/nextflow/outputs/run-Derouane-et-al/trimmed_reads/R29_UCL_pos_fastp.html size=977654
Nov-14 15:27:19.031 [PublishDir-2] DEBUG n.cloud.aws.nio.S3FileSystemProvider - S3 download file from=s3://crmy-aws-batch-nf/TAADisco/run-derouane-et-al/b8/124ac71ddf525b8eaccf587ca538ba/R29_UCL_pos_R1_trimmed.fastq.gz to=/home/ec2-user/repos/TAADisco/nextflow/outputs/run-Derouane-et-al/trimmed_reads/R29_UCL_pos_R1_trimmed.fastq.gz size=3645401605
Nov-14 15:27:19.208 [AWSBatch-executor-131] DEBUG n.c.aws.batch.AwsBatchTaskHandler - [AWS BATCH] Process `QUANT_COUNTS_KALLISTO (R29_UCL_pos)` submitted > job=e44d19bd-e808-4792-bc87-9759368ed973; work-dir=s3://crmy-aws-batch-nf/TAADisco/run-derouane-et-al/1c/74e03f986e6450b0bc1c71774c5529
Nov-14 15:27:19.208 [AWSBatch-executor-131] INFO  nextflow.Session - [1c/74e03f] Submitted process > QUANT_COUNTS_KALLISTO (R29_UCL_pos)
Nov-14 15:28:08.911 [Task monitor] DEBUG n.processor.TaskPollingMonitor - Task completed > TaskHandler[id: 3; name: TRIM_READS_FASTP (R11_UCL_pos); status: COMPLETED; exit: 0; error: -; workDir: s3://crmy-aws-batch-nf/TAADisco/run-derouane-et-al/bc/674a492424ce6b30edd2bc4d9430cf]
Nov-14 15:28:08.967 [PublishDir-6] DEBUG n.cloud.aws.nio.S3FileSystemProvider - S3 download file from=s3://crmy-aws-batch-nf/TAADisco/run-derouane-et-al/bc/674a492424ce6b30edd2bc4d9430cf/R11_UCL_pos_fastp.html to=/home/ec2-user/repos/TAADisco/nextflow/outputs/run-Derouane-et-al/trimmed_reads/R11_UCL_pos_fastp.html size=1599762
Nov-14 15:28:08.990 [PublishDir-10] DEBUG n.cloud.aws.nio.S3FileSystemProvider - S3 download file from=s3://crmy-aws-batch-nf/TAADisco/run-derouane-et-al/bc/674a492424ce6b30edd2bc4d9430cf/R11_UCL_pos_R2_trimmed.fastq.gz to=/home/ec2-user/repos/TAADisco/nextflow/outputs/run-Derouane-et-al/trimmed_reads/R11_UCL_pos_R2_trimmed.fastq.gz size=4257923988
Nov-14 15:28:08.993 [PublishDir-7] DEBUG n.cloud.aws.nio.S3FileSystemProvider - S3 download file from=s3://crmy-aws-batch-nf/TAADisco/run-derouane-et-al/bc/674a492424ce6b30edd2bc4d9430cf/R11_UCL_pos_R1_trimmed.fastq.gz to=/home/ec2-user/repos/TAADisco/nextflow/outputs/run-Derouane-et-al/trimmed_reads/R11_UCL_pos_R1_trimmed.fastq.gz size=4098831261
Nov-14 15:28:09.164 [AWSBatch-executor-137] DEBUG n.c.aws.batch.AwsBatchTaskHandler - [AWS BATCH] Process `QUANT_COUNTS_KALLISTO (R11_UCL_pos)` submitted > job=d3a37a7c-155c-41b3-a3d0-d8503c1e8a14; work-dir=s3://crmy-aws-batch-nf/TAADisco/run-derouane-et-al/23/4ed31046d747ab23c7dfbdd2341758
Nov-14 15:28:09.165 [AWSBatch-executor-137] INFO  nextflow.Session - [23/4ed310] Submitted process > QUANT_COUNTS_KALLISTO (R11_UCL_pos)
Nov-14 15:28:48.823 [Task monitor] DEBUG n.processor.TaskPollingMonitor - !! executor awsbatch > tasks to be completed: 12 -- submitted tasks are shown below
~> TaskHandler[id: 7; name: TRIM_READS_FASTP (P56_UCL_pos); status: RUNNING; exit: -; error: -; workDir: s3://crmy-aws-batch-nf/TAADisco/run-derouane-et-al/a7/f51ddc3649079e03e023f195d1457f]
~> TaskHandler[id: 13; name: QUANT_COUNTS_KALLISTO (R13_UCL_pos); status: RUNNING; exit: -; error: -; workDir: s3://crmy-aws-batch-nf/TAADisco/run-derouane-et-al/7b/802948387f79a691e7d8e7c75083ad]
~> TaskHandler[id: 8; name: TRIM_READS_FASTP (R11_UCL_pre); status: RUNNING; exit: -; error: -; workDir: s3://crmy-aws-batch-nf/TAADisco/run-derouane-et-al/9e/a79f51c712b466bd90d1a86a53659c]
~> TaskHandler[id: 9; name: TRIM_READS_FASTP (R13_UCL_pre); status: RUNNING; exit: -; error: -; workDir: s3://crmy-aws-batch-nf/TAADisco/run-derouane-et-al/ea/b4a9f4ceeeb63e01e72feedfd717e7]
~> TaskHandler[id: 14; name: QUANT_COUNTS_KALLISTO (R02_UCL_pre); status: RUNNING; exit: -; error: -; workDir: s3://crmy-aws-batch-nf/TAADisco/run-derouane-et-al/d0/aea4ed74f075d9740d9d4a50bd4795]
~> TaskHandler[id: 10; name: TRIM_READS_FASTP (R27_UCL_pre); status: RUNNING; exit: -; error: -; workDir: s3://crmy-aws-batch-nf/TAADisco/run-derouane-et-al/88/fd8dff5bdd584f13587a182bb14aab]
~> TaskHandler[id: 11; name: TRIM_READS_FASTP (R29_UCL_pre); status: RUNNING; exit: -; error: -; workDir: s3://crmy-aws-batch-nf/TAADisco/run-derouane-et-al/38/1dadaa9fe27d913e555648da33404a]
~> TaskHandler[id: 12; name: TRIM_READS_FASTP (P56_UCL_pre); status: SUBMITTED; exit: -; error: -; workDir: s3://crmy-aws-batch-nf/TAADisco/run-derouane-et-al/0e/adeaab3b8884bbfd36b09f3ae5849f]
~> TaskHandler[id: 15; name: QUANT_COUNTS_KALLISTO (R02_UCL_pos); status: SUBMITTED; exit: -; error: -; workDir: s3://crmy-aws-batch-nf/TAADisco/run-derouane-et-al/eb/6e30d261380159b14c5d36cd6af7b1]
~> TaskHandler[id: 16; name: QUANT_COUNTS_KALLISTO (R27_UCL_pos); status: SUBMITTED; exit: -; error: -; workDir: s3://crmy-aws-batch-nf/TAADisco/run-derouane-et-al/52/22e37e8353f6af40383e15a811ca90]
.. remaining tasks omitted.
Nov-14 15:28:48.906 [Task monitor] DEBUG n.processor.TaskPollingMonitor - Task completed > TaskHandler[id: 8; name: TRIM_READS_FASTP (R11_UCL_pre); status: COMPLETED; exit: 0; error: -; workDir: s3://crmy-aws-batch-nf/TAADisco/run-derouane-et-al/9e/a79f51c712b466bd90d1a86a53659c]
Nov-14 15:28:49.161 [AWSBatch-executor-142] DEBUG n.c.aws.batch.AwsBatchTaskHandler - [AWS BATCH] Process `QUANT_COUNTS_KALLISTO (R11_UCL_pre)` submitted > job=cbfa04e4-75c9-400f-93c9-20f97cacd8d0; work-dir=s3://crmy-aws-batch-nf/TAADisco/run-derouane-et-al/7e/e884a1a81c1f0e3ee10dd220172bf3
Nov-14 15:28:49.161 [AWSBatch-executor-142] INFO  nextflow.Session - [7e/e884a1] Submitted process > QUANT_COUNTS_KALLISTO (R11_UCL_pre)
Nov-14 15:29:11.282 [PublishDir-8] DEBUG n.cloud.aws.nio.S3FileSystemProvider - S3 download file from=s3://crmy-aws-batch-nf/TAADisco/run-derouane-et-al/9e/a79f51c712b466bd90d1a86a53659c/R11_UCL_pre_fastp.html to=/home/ec2-user/repos/TAADisco/nextflow/outputs/run-Derouane-et-al/trimmed_reads/R11_UCL_pre_fastp.html size=536108
Nov-14 15:29:11.357 [PublishDir-3] DEBUG n.cloud.aws.nio.S3FileSystemProvider - S3 download file from=s3://crmy-aws-batch-nf/TAADisco/run-derouane-et-al/9e/a79f51c712b466bd90d1a86a53659c/R11_UCL_pre_R1_trimmed.fastq.gz to=/home/ec2-user/repos/TAADisco/nextflow/outputs/run-Derouane-et-al/trimmed_reads/R11_UCL_pre_R1_trimmed.fastq.gz size=2516117471
Nov-14 15:29:11.394 [PublishDir-8] DEBUG n.cloud.aws.nio.S3FileSystemProvider - S3 download file from=s3://crmy-aws-batch-nf/TAADisco/run-derouane-et-al/9e/a79f51c712b466bd90d1a86a53659c/R11_UCL_pre_R2_trimmed.fastq.gz to=/home/ec2-user/repos/TAADisco/nextflow/outputs/run-Derouane-et-al/trimmed_reads/R11_UCL_pre_R2_trimmed.fastq.gz size=2605067779
Nov-14 15:29:58.935 [Task monitor] DEBUG n.processor.TaskPollingMonitor - Task completed > TaskHandler[id: 9; name: TRIM_READS_FASTP (R13_UCL_pre); status: COMPLETED; exit: 0; error: -; workDir: s3://crmy-aws-batch-nf/TAADisco/run-derouane-et-al/ea/b4a9f4ceeeb63e01e72feedfd717e7]
Nov-14 15:29:59.001 [PublishDir-9] DEBUG n.cloud.aws.nio.S3FileSystemProvider - S3 download file from=s3://crmy-aws-batch-nf/TAADisco/run-derouane-et-al/ea/b4a9f4ceeeb63e01e72feedfd717e7/R13_UCL_pre_fastp.html to=/home/ec2-user/repos/TAADisco/nextflow/outputs/run-Derouane-et-al/trimmed_reads/R13_UCL_pre_fastp.html size=1542734
Nov-14 15:29:59.021 [PublishDir-6] DEBUG n.cloud.aws.nio.S3FileSystemProvider - S3 download file from=s3://crmy-aws-batch-nf/TAADisco/run-derouane-et-al/ea/b4a9f4ceeeb63e01e72feedfd717e7/R13_UCL_pre_R1_trimmed.fastq.gz to=/home/ec2-user/repos/TAADisco/nextflow/outputs/run-Derouane-et-al/trimmed_reads/R13_UCL_pre_R1_trimmed.fastq.gz size=2509241956
Nov-14 15:29:59.022 [PublishDir-1] DEBUG n.cloud.aws.nio.S3FileSystemProvider - S3 download file from=s3://crmy-aws-batch-nf/TAADisco/run-derouane-et-al/ea/b4a9f4ceeeb63e01e72feedfd717e7/R13_UCL_pre_R2_trimmed.fastq.gz to=/home/ec2-user/repos/TAADisco/nextflow/outputs/run-Derouane-et-al/trimmed_reads/R13_UCL_pre_R2_trimmed.fastq.gz size=2595436851
Nov-14 15:29:59.187 [AWSBatch-executor-150] DEBUG n.c.aws.batch.AwsBatchTaskHandler - [AWS BATCH] Process `QUANT_COUNTS_KALLISTO (R13_UCL_pre)` submitted > job=ab1889d0-e2c9-4d98-a1e5-dc70ba855d2e; work-dir=s3://crmy-aws-batch-nf/TAADisco/run-derouane-et-al/5f/1708ef95e48aaa8a5d477abe054230
Nov-14 15:29:59.187 [AWSBatch-executor-150] INFO  nextflow.Session - [5f/1708ef] Submitted process > QUANT_COUNTS_KALLISTO (R13_UCL_pre)
Nov-14 15:30:48.900 [Task monitor] DEBUG n.processor.TaskPollingMonitor - Task completed > TaskHandler[id: 7; name: TRIM_READS_FASTP (P56_UCL_pos); status: COMPLETED; exit: 0; error: -; workDir: s3://crmy-aws-batch-nf/TAADisco/run-derouane-et-al/a7/f51ddc3649079e03e023f195d1457f]
Nov-14 15:30:48.956 [PublishDir-4] DEBUG n.cloud.aws.nio.S3FileSystemProvider - S3 download file from=s3://crmy-aws-batch-nf/TAADisco/run-derouane-et-al/a7/f51ddc3649079e03e023f195d1457f/P56_UCL_pos_fastp.html to=/home/ec2-user/repos/TAADisco/nextflow/outputs/run-Derouane-et-al/trimmed_reads/P56_UCL_pos_fastp.html size=1398025
Nov-14 15:30:48.963 [PublishDir-5] DEBUG n.cloud.aws.nio.S3FileSystemProvider - S3 download file from=s3://crmy-aws-batch-nf/TAADisco/run-derouane-et-al/a7/f51ddc3649079e03e023f195d1457f/P56_UCL_pos_R1_trimmed.fastq.gz to=/home/ec2-user/repos/TAADisco/nextflow/outputs/run-Derouane-et-al/trimmed_reads/P56_UCL_pos_R1_trimmed.fastq.gz size=3317841863
Nov-14 15:30:49.139 [AWSBatch-executor-156] DEBUG n.c.aws.batch.AwsBatchTaskHandler - [AWS BATCH] Process `QUANT_COUNTS_KALLISTO (P56_UCL_pos)` submitted > job=9af22109-fb35-4686-ab01-ff9048b6697e; work-dir=s3://crmy-aws-batch-nf/TAADisco/run-derouane-et-al/9a/d0e8680e398f31f2826c83ad8b876d
Nov-14 15:30:49.139 [AWSBatch-executor-156] INFO  nextflow.Session - [9a/d0e868] Submitted process > QUANT_COUNTS_KALLISTO (P56_UCL_pos)
Nov-14 15:31:38.922 [Task monitor] DEBUG n.processor.TaskPollingMonitor - Task completed > TaskHandler[id: 10; name: TRIM_READS_FASTP (R27_UCL_pre); status: COMPLETED; exit: 0; error: -; workDir: s3://crmy-aws-batch-nf/TAADisco/run-derouane-et-al/88/fd8dff5bdd584f13587a182bb14aab]
Nov-14 15:31:39.203 [AWSBatch-executor-162] DEBUG n.c.aws.batch.AwsBatchTaskHandler - [AWS BATCH] Process `QUANT_COUNTS_KALLISTO (R27_UCL_pre)` submitted > job=7334dd60-040a-400a-9daf-44916da1e0e3; work-dir=s3://crmy-aws-batch-nf/TAADisco/run-derouane-et-al/b2/a2fbe4a734d50664e0d2dca5950fe9
Nov-14 15:31:39.204 [AWSBatch-executor-162] INFO  nextflow.Session - [b2/a2fbe4] Submitted process > QUANT_COUNTS_KALLISTO (R27_UCL_pre)
Nov-14 15:31:50.312 [PublishDir-3] DEBUG n.cloud.aws.nio.S3FileSystemProvider - S3 download file from=s3://crmy-aws-batch-nf/TAADisco/run-derouane-et-al/a7/f51ddc3649079e03e023f195d1457f/P56_UCL_pos_R2_trimmed.fastq.gz to=/home/ec2-user/repos/TAADisco/nextflow/outputs/run-Derouane-et-al/trimmed_reads/P56_UCL_pos_R2_trimmed.fastq.gz size=3468088008
Nov-14 15:31:50.416 [PublishDir-9] DEBUG n.cloud.aws.nio.S3FileSystemProvider - S3 download file from=s3://crmy-aws-batch-nf/TAADisco/run-derouane-et-al/88/fd8dff5bdd584f13587a182bb14aab/R27_UCL_pre_fastp.html to=/home/ec2-user/repos/TAADisco/nextflow/outputs/run-Derouane-et-al/trimmed_reads/R27_UCL_pre_fastp.html size=6508358
Nov-14 15:32:23.202 [PublishDir-2] DEBUG n.cloud.aws.nio.S3FileSystemProvider - S3 download file from=s3://crmy-aws-batch-nf/TAADisco/run-derouane-et-al/88/fd8dff5bdd584f13587a182bb14aab/R27_UCL_pre_R1_trimmed.fastq.gz to=/home/ec2-user/repos/TAADisco/nextflow/outputs/run-Derouane-et-al/trimmed_reads/R27_UCL_pre_R1_trimmed.fastq.gz size=2059536424
Nov-14 15:32:58.289 [PublishDir-8] DEBUG n.cloud.aws.nio.S3FileSystemProvider - S3 download file from=s3://crmy-aws-batch-nf/TAADisco/run-derouane-et-al/88/fd8dff5bdd584f13587a182bb14aab/R27_UCL_pre_R2_trimmed.fastq.gz to=/home/ec2-user/repos/TAADisco/nextflow/outputs/run-Derouane-et-al/trimmed_reads/R27_UCL_pre_R2_trimmed.fastq.gz size=2097818846
Nov-14 15:32:58.892 [Task monitor] DEBUG n.processor.TaskPollingMonitor - Task completed > TaskHandler[id: 14; name: QUANT_COUNTS_KALLISTO (R02_UCL_pre); status: COMPLETED; exit: 0; error: -; workDir: s3://crmy-aws-batch-nf/TAADisco/run-derouane-et-al/d0/aea4ed74f075d9740d9d4a50bd4795]
Nov-14 15:32:58.953 [PublishDir-4] DEBUG n.cloud.aws.nio.S3FileSystemProvider - S3 download file from=s3://crmy-aws-batch-nf/TAADisco/run-derouane-et-al/d0/aea4ed74f075d9740d9d4a50bd4795/R02_UCL_pre/R02_UCL_pre_abundance.tsv to=/home/ec2-user/repos/TAADisco/nextflow/outputs/run-Derouane-et-al/kallisto_gene_counts/R02_UCL_pre/R02_UCL_pre_abundance.tsv size=12420863
Nov-14 15:33:08.653 [PublishDir-7] DEBUG n.cloud.aws.nio.S3FileSystemProvider - S3 download file from=s3://crmy-aws-batch-nf/TAADisco/run-derouane-et-al/d0/aea4ed74f075d9740d9d4a50bd4795/R02_UCL_pre/R02_UCL_pre_abundance.h5 to=/home/ec2-user/repos/TAADisco/nextflow/outputs/run-Derouane-et-al/kallisto_gene_counts/R02_UCL_pre/R02_UCL_pre_abundance.h5 size=3560119
Nov-14 15:33:09.356 [PublishDir-10] DEBUG n.cloud.aws.nio.S3FileSystemProvider - S3 download file from=s3://crmy-aws-batch-nf/TAADisco/run-derouane-et-al/d0/aea4ed74f075d9740d9d4a50bd4795/R02_UCL_pre/R02_UCL_pre_run_info.json to=/home/ec2-user/repos/TAADisco/nextflow/outputs/run-Derouane-et-al/kallisto_gene_counts/R02_UCL_pre/R02_UCL_pre_run_info.json size=449
Nov-14 15:33:28.911 [Task monitor] DEBUG n.processor.TaskPollingMonitor - Task completed > TaskHandler[id: 11; name: TRIM_READS_FASTP (R29_UCL_pre); status: COMPLETED; exit: 0; error: -; workDir: s3://crmy-aws-batch-nf/TAADisco/run-derouane-et-al/38/1dadaa9fe27d913e555648da33404a]
Nov-14 15:33:28.963 [PublishDir-10] DEBUG n.cloud.aws.nio.S3FileSystemProvider - S3 download file from=s3://crmy-aws-batch-nf/TAADisco/run-derouane-et-al/38/1dadaa9fe27d913e555648da33404a/R29_UCL_pre_fastp.html to=/home/ec2-user/repos/TAADisco/nextflow/outputs/run-Derouane-et-al/trimmed_reads/R29_UCL_pre_fastp.html size=3415046
Nov-14 15:33:28.971 [PublishDir-9] DEBUG n.cloud.aws.nio.S3FileSystemProvider - S3 download file from=s3://crmy-aws-batch-nf/TAADisco/run-derouane-et-al/38/1dadaa9fe27d913e555648da33404a/R29_UCL_pre_R1_trimmed.fastq.gz to=/home/ec2-user/repos/TAADisco/nextflow/outputs/run-Derouane-et-al/trimmed_reads/R29_UCL_pre_R1_trimmed.fastq.gz size=2667327056
Nov-14 15:33:29.123 [AWSBatch-executor-174] DEBUG n.c.aws.batch.AwsBatchTaskHandler - [AWS BATCH] Process `QUANT_COUNTS_KALLISTO (R29_UCL_pre)` submitted > job=3e350dc6-25dc-462c-b25d-9faaf58f5f46; work-dir=s3://crmy-aws-batch-nf/TAADisco/run-derouane-et-al/32/79541b6df8930b510e404988edccd7
Nov-14 15:33:29.123 [AWSBatch-executor-174] INFO  nextflow.Session - [32/79541b] Submitted process > QUANT_COUNTS_KALLISTO (R29_UCL_pre)
Nov-14 15:33:48.830 [Task monitor] DEBUG n.processor.TaskPollingMonitor - !! executor awsbatch > tasks to be completed: 11 -- submitted tasks are shown below
~> TaskHandler[id: 13; name: QUANT_COUNTS_KALLISTO (R13_UCL_pos); status: RUNNING; exit: -; error: -; workDir: s3://crmy-aws-batch-nf/TAADisco/run-derouane-et-al/7b/802948387f79a691e7d8e7c75083ad]
~> TaskHandler[id: 12; name: TRIM_READS_FASTP (P56_UCL_pre); status: RUNNING; exit: -; error: -; workDir: s3://crmy-aws-batch-nf/TAADisco/run-derouane-et-al/0e/adeaab3b8884bbfd36b09f3ae5849f]
~> TaskHandler[id: 15; name: QUANT_COUNTS_KALLISTO (R02_UCL_pos); status: RUNNING; exit: -; error: -; workDir: s3://crmy-aws-batch-nf/TAADisco/run-derouane-et-al/eb/6e30d261380159b14c5d36cd6af7b1]
~> TaskHandler[id: 16; name: QUANT_COUNTS_KALLISTO (R27_UCL_pos); status: RUNNING; exit: -; error: -; workDir: s3://crmy-aws-batch-nf/TAADisco/run-derouane-et-al/52/22e37e8353f6af40383e15a811ca90]
~> TaskHandler[id: 17; name: QUANT_COUNTS_KALLISTO (R29_UCL_pos); status: RUNNING; exit: -; error: -; workDir: s3://crmy-aws-batch-nf/TAADisco/run-derouane-et-al/1c/74e03f986e6450b0bc1c71774c5529]
~> TaskHandler[id: 18; name: QUANT_COUNTS_KALLISTO (R11_UCL_pos); status: RUNNING; exit: -; error: -; workDir: s3://crmy-aws-batch-nf/TAADisco/run-derouane-et-al/23/4ed31046d747ab23c7dfbdd2341758]
~> TaskHandler[id: 19; name: QUANT_COUNTS_KALLISTO (R11_UCL_pre); status: SUBMITTED; exit: -; error: -; workDir: s3://crmy-aws-batch-nf/TAADisco/run-derouane-et-al/7e/e884a1a81c1f0e3ee10dd220172bf3]
~> TaskHandler[id: 20; name: QUANT_COUNTS_KALLISTO (R13_UCL_pre); status: RUNNING; exit: -; error: -; workDir: s3://crmy-aws-batch-nf/TAADisco/run-derouane-et-al/5f/1708ef95e48aaa8a5d477abe054230]
~> TaskHandler[id: 21; name: QUANT_COUNTS_KALLISTO (P56_UCL_pos); status: SUBMITTED; exit: -; error: -; workDir: s3://crmy-aws-batch-nf/TAADisco/run-derouane-et-al/9a/d0e8680e398f31f2826c83ad8b876d]
~> TaskHandler[id: 22; name: QUANT_COUNTS_KALLISTO (R27_UCL_pre); status: SUBMITTED; exit: -; error: -; workDir: s3://crmy-aws-batch-nf/TAADisco/run-derouane-et-al/b2/a2fbe4a734d50664e0d2dca5950fe9]
Nov-14 15:34:00.158 [PublishDir-6] DEBUG n.cloud.aws.nio.S3FileSystemProvider - S3 download file from=s3://crmy-aws-batch-nf/TAADisco/run-derouane-et-al/38/1dadaa9fe27d913e555648da33404a/R29_UCL_pre_R2_trimmed.fastq.gz to=/home/ec2-user/repos/TAADisco/nextflow/outputs/run-Derouane-et-al/trimmed_reads/R29_UCL_pre_R2_trimmed.fastq.gz size=2742912107
Nov-14 15:34:38.925 [Task monitor] DEBUG n.processor.TaskPollingMonitor - Task completed > TaskHandler[id: 13; name: QUANT_COUNTS_KALLISTO (R13_UCL_pos); status: COMPLETED; exit: 0; error: -; workDir: s3://crmy-aws-batch-nf/TAADisco/run-derouane-et-al/7b/802948387f79a691e7d8e7c75083ad]
Nov-14 15:34:39.151 [PublishDir-1] DEBUG n.cloud.aws.nio.S3FileSystemProvider - S3 download file from=s3://crmy-aws-batch-nf/TAADisco/run-derouane-et-al/7b/802948387f79a691e7d8e7c75083ad/R13_UCL_pos/R13_UCL_pos_abundance.tsv to=/home/ec2-user/repos/TAADisco/nextflow/outputs/run-Derouane-et-al/kallisto_gene_counts/R13_UCL_pos/R13_UCL_pos_abundance.tsv size=12750206
Nov-14 15:34:39.390 [PublishDir-7] DEBUG n.cloud.aws.nio.S3FileSystemProvider - S3 download file from=s3://crmy-aws-batch-nf/TAADisco/run-derouane-et-al/7b/802948387f79a691e7d8e7c75083ad/R13_UCL_pos/R13_UCL_pos_abundance.h5 to=/home/ec2-user/repos/TAADisco/nextflow/outputs/run-Derouane-et-al/kallisto_gene_counts/R13_UCL_pos/R13_UCL_pos_abundance.h5 size=3774167
Nov-14 15:34:39.489 [PublishDir-10] DEBUG n.cloud.aws.nio.S3FileSystemProvider - S3 download file from=s3://crmy-aws-batch-nf/TAADisco/run-derouane-et-al/7b/802948387f79a691e7d8e7c75083ad/R13_UCL_pos/R13_UCL_pos_run_info.json to=/home/ec2-user/repos/TAADisco/nextflow/outputs/run-Derouane-et-al/kallisto_gene_counts/R13_UCL_pos/R13_UCL_pos_run_info.json size=450
Nov-14 15:34:58.894 [Task monitor] DEBUG n.processor.TaskPollingMonitor - Task completed > TaskHandler[id: 12; name: TRIM_READS_FASTP (P56_UCL_pre); status: COMPLETED; exit: 0; error: -; workDir: s3://crmy-aws-batch-nf/TAADisco/run-derouane-et-al/0e/adeaab3b8884bbfd36b09f3ae5849f]
Nov-14 15:34:58.953 [PublishDir-10] DEBUG n.cloud.aws.nio.S3FileSystemProvider - S3 download file from=s3://crmy-aws-batch-nf/TAADisco/run-derouane-et-al/0e/adeaab3b8884bbfd36b09f3ae5849f/P56_UCL_pre_fastp.html to=/home/ec2-user/repos/TAADisco/nextflow/outputs/run-Derouane-et-al/trimmed_reads/P56_UCL_pre_fastp.html size=1814332
Nov-14 15:34:58.963 [PublishDir-1] DEBUG n.cloud.aws.nio.S3FileSystemProvider - S3 download file from=s3://crmy-aws-batch-nf/TAADisco/run-derouane-et-al/0e/adeaab3b8884bbfd36b09f3ae5849f/P56_UCL_pre_R2_trimmed.fastq.gz to=/home/ec2-user/repos/TAADisco/nextflow/outputs/run-Derouane-et-al/trimmed_reads/P56_UCL_pre_R2_trimmed.fastq.gz size=4583159955
Nov-14 15:34:58.963 [PublishDir-7] DEBUG n.cloud.aws.nio.S3FileSystemProvider - S3 download file from=s3://crmy-aws-batch-nf/TAADisco/run-derouane-et-al/0e/adeaab3b8884bbfd36b09f3ae5849f/P56_UCL_pre_R1_trimmed.fastq.gz to=/home/ec2-user/repos/TAADisco/nextflow/outputs/run-Derouane-et-al/trimmed_reads/P56_UCL_pre_R1_trimmed.fastq.gz size=4351124003
Nov-14 15:34:59.145 [AWSBatch-executor-184] DEBUG n.c.aws.batch.AwsBatchTaskHandler - [AWS BATCH] Process `QUANT_COUNTS_KALLISTO (P56_UCL_pre)` submitted > job=52d0bf56-f4a8-4947-a6a1-359932f3a9d9; work-dir=s3://crmy-aws-batch-nf/TAADisco/run-derouane-et-al/c3/32e4d15ffc4c20d3e7f726c555460a
Nov-14 15:34:59.146 [AWSBatch-executor-184] INFO  nextflow.Session - [c3/32e4d1] Submitted process > QUANT_COUNTS_KALLISTO (P56_UCL_pre)
Nov-14 15:38:18.927 [Task monitor] DEBUG n.processor.TaskPollingMonitor - Task completed > TaskHandler[id: 16; name: QUANT_COUNTS_KALLISTO (R27_UCL_pos); status: COMPLETED; exit: 0; error: -; workDir: s3://crmy-aws-batch-nf/TAADisco/run-derouane-et-al/52/22e37e8353f6af40383e15a811ca90]
Nov-14 15:38:19.011 [PublishDir-2] DEBUG n.cloud.aws.nio.S3FileSystemProvider - S3 download file from=s3://crmy-aws-batch-nf/TAADisco/run-derouane-et-al/52/22e37e8353f6af40383e15a811ca90/R27_UCL_pos/R27_UCL_pos_abundance.h5 to=/home/ec2-user/repos/TAADisco/nextflow/outputs/run-Derouane-et-al/kallisto_gene_counts/R27_UCL_pos/R27_UCL_pos_abundance.h5 size=3546905
Nov-14 15:38:19.030 [PublishDir-4] DEBUG n.cloud.aws.nio.S3FileSystemProvider - S3 download file from=s3://crmy-aws-batch-nf/TAADisco/run-derouane-et-al/52/22e37e8353f6af40383e15a811ca90/R27_UCL_pos/R27_UCL_pos_abundance.tsv to=/home/ec2-user/repos/TAADisco/nextflow/outputs/run-Derouane-et-al/kallisto_gene_counts/R27_UCL_pos/R27_UCL_pos_abundance.tsv size=12394421
Nov-14 15:38:19.033 [PublishDir-8] DEBUG n.cloud.aws.nio.S3FileSystemProvider - S3 download file from=s3://crmy-aws-batch-nf/TAADisco/run-derouane-et-al/52/22e37e8353f6af40383e15a811ca90/R27_UCL_pos/R27_UCL_pos_run_info.json to=/home/ec2-user/repos/TAADisco/nextflow/outputs/run-Derouane-et-al/kallisto_gene_counts/R27_UCL_pos/R27_UCL_pos_run_info.json size=448
Nov-14 15:38:48.839 [Task monitor] DEBUG n.processor.TaskPollingMonitor - !! executor awsbatch > tasks to be completed: 9 -- submitted tasks are shown below
~> TaskHandler[id: 15; name: QUANT_COUNTS_KALLISTO (R02_UCL_pos); status: RUNNING; exit: -; error: -; workDir: s3://crmy-aws-batch-nf/TAADisco/run-derouane-et-al/eb/6e30d261380159b14c5d36cd6af7b1]
~> TaskHandler[id: 17; name: QUANT_COUNTS_KALLISTO (R29_UCL_pos); status: RUNNING; exit: -; error: -; workDir: s3://crmy-aws-batch-nf/TAADisco/run-derouane-et-al/1c/74e03f986e6450b0bc1c71774c5529]
~> TaskHandler[id: 18; name: QUANT_COUNTS_KALLISTO (R11_UCL_pos); status: RUNNING; exit: -; error: -; workDir: s3://crmy-aws-batch-nf/TAADisco/run-derouane-et-al/23/4ed31046d747ab23c7dfbdd2341758]
~> TaskHandler[id: 19; name: QUANT_COUNTS_KALLISTO (R11_UCL_pre); status: RUNNING; exit: -; error: -; workDir: s3://crmy-aws-batch-nf/TAADisco/run-derouane-et-al/7e/e884a1a81c1f0e3ee10dd220172bf3]
~> TaskHandler[id: 20; name: QUANT_COUNTS_KALLISTO (R13_UCL_pre); status: RUNNING; exit: -; error: -; workDir: s3://crmy-aws-batch-nf/TAADisco/run-derouane-et-al/5f/1708ef95e48aaa8a5d477abe054230]
~> TaskHandler[id: 21; name: QUANT_COUNTS_KALLISTO (P56_UCL_pos); status: RUNNING; exit: -; error: -; workDir: s3://crmy-aws-batch-nf/TAADisco/run-derouane-et-al/9a/d0e8680e398f31f2826c83ad8b876d]
~> TaskHandler[id: 22; name: QUANT_COUNTS_KALLISTO (R27_UCL_pre); status: RUNNING; exit: -; error: -; workDir: s3://crmy-aws-batch-nf/TAADisco/run-derouane-et-al/b2/a2fbe4a734d50664e0d2dca5950fe9]
~> TaskHandler[id: 23; name: QUANT_COUNTS_KALLISTO (R29_UCL_pre); status: RUNNING; exit: -; error: -; workDir: s3://crmy-aws-batch-nf/TAADisco/run-derouane-et-al/32/79541b6df8930b510e404988edccd7]
~> TaskHandler[id: 24; name: QUANT_COUNTS_KALLISTO (P56_UCL_pre); status: RUNNING; exit: -; error: -; workDir: s3://crmy-aws-batch-nf/TAADisco/run-derouane-et-al/c3/32e4d15ffc4c20d3e7f726c555460a]
Nov-14 15:40:08.924 [Task monitor] DEBUG n.processor.TaskPollingMonitor - Task completed > TaskHandler[id: 20; name: QUANT_COUNTS_KALLISTO (R13_UCL_pre); status: COMPLETED; exit: 0; error: -; workDir: s3://crmy-aws-batch-nf/TAADisco/run-derouane-et-al/5f/1708ef95e48aaa8a5d477abe054230]
Nov-14 15:40:08.938 [Task monitor] DEBUG n.processor.TaskPollingMonitor - Task completed > TaskHandler[id: 22; name: QUANT_COUNTS_KALLISTO (R27_UCL_pre); status: COMPLETED; exit: 0; error: -; workDir: s3://crmy-aws-batch-nf/TAADisco/run-derouane-et-al/b2/a2fbe4a734d50664e0d2dca5950fe9]
Nov-14 15:40:08.989 [PublishDir-9] DEBUG n.cloud.aws.nio.S3FileSystemProvider - S3 download file from=s3://crmy-aws-batch-nf/TAADisco/run-derouane-et-al/b2/a2fbe4a734d50664e0d2dca5950fe9/R27_UCL_pre/R27_UCL_pre_abundance.tsv to=/home/ec2-user/repos/TAADisco/nextflow/outputs/run-Derouane-et-al/kallisto_gene_counts/R27_UCL_pre/R27_UCL_pre_abundance.tsv size=12028272
Nov-14 15:40:09.001 [PublishDir-5] DEBUG n.cloud.aws.nio.S3FileSystemProvider - S3 download file from=s3://crmy-aws-batch-nf/TAADisco/run-derouane-et-al/5f/1708ef95e48aaa8a5d477abe054230/R13_UCL_pre/R13_UCL_pre_abundance.h5 to=/home/ec2-user/repos/TAADisco/nextflow/outputs/run-Derouane-et-al/kallisto_gene_counts/R13_UCL_pre/R13_UCL_pre_abundance.h5 size=4039071
Nov-14 15:40:09.003 [PublishDir-6] DEBUG n.cloud.aws.nio.S3FileSystemProvider - S3 download file from=s3://crmy-aws-batch-nf/TAADisco/run-derouane-et-al/b2/a2fbe4a734d50664e0d2dca5950fe9/R27_UCL_pre/R27_UCL_pre_abundance.h5 to=/home/ec2-user/repos/TAADisco/nextflow/outputs/run-Derouane-et-al/kallisto_gene_counts/R27_UCL_pre/R27_UCL_pre_abundance.h5 size=3436734
Nov-14 15:40:09.004 [PublishDir-3] DEBUG n.cloud.aws.nio.S3FileSystemProvider - S3 download file from=s3://crmy-aws-batch-nf/TAADisco/run-derouane-et-al/5f/1708ef95e48aaa8a5d477abe054230/R13_UCL_pre/R13_UCL_pre_run_info.json to=/home/ec2-user/repos/TAADisco/nextflow/outputs/run-Derouane-et-al/kallisto_gene_counts/R13_UCL_pre/R13_UCL_pre_run_info.json size=449
Nov-14 15:40:09.006 [PublishDir-10] DEBUG n.cloud.aws.nio.S3FileSystemProvider - S3 download file from=s3://crmy-aws-batch-nf/TAADisco/run-derouane-et-al/5f/1708ef95e48aaa8a5d477abe054230/R13_UCL_pre/R13_UCL_pre_abundance.tsv to=/home/ec2-user/repos/TAADisco/nextflow/outputs/run-Derouane-et-al/kallisto_gene_counts/R13_UCL_pre/R13_UCL_pre_abundance.tsv size=13155855
Nov-14 15:40:09.012 [PublishDir-7] DEBUG n.cloud.aws.nio.S3FileSystemProvider - S3 download file from=s3://crmy-aws-batch-nf/TAADisco/run-derouane-et-al/b2/a2fbe4a734d50664e0d2dca5950fe9/R27_UCL_pre/R27_UCL_pre_run_info.json to=/home/ec2-user/repos/TAADisco/nextflow/outputs/run-Derouane-et-al/kallisto_gene_counts/R27_UCL_pre/R27_UCL_pre_run_info.json size=448
Nov-14 15:40:28.914 [Task monitor] DEBUG n.processor.TaskPollingMonitor - Task completed > TaskHandler[id: 15; name: QUANT_COUNTS_KALLISTO (R02_UCL_pos); status: COMPLETED; exit: 0; error: -; workDir: s3://crmy-aws-batch-nf/TAADisco/run-derouane-et-al/eb/6e30d261380159b14c5d36cd6af7b1]
Nov-14 15:40:28.967 [PublishDir-1] DEBUG n.cloud.aws.nio.S3FileSystemProvider - S3 download file from=s3://crmy-aws-batch-nf/TAADisco/run-derouane-et-al/eb/6e30d261380159b14c5d36cd6af7b1/R02_UCL_pos/R02_UCL_pos_abundance.tsv to=/home/ec2-user/repos/TAADisco/nextflow/outputs/run-Derouane-et-al/kallisto_gene_counts/R02_UCL_pos/R02_UCL_pos_abundance.tsv size=13053026
Nov-14 15:40:28.973 [PublishDir-8] DEBUG n.cloud.aws.nio.S3FileSystemProvider - S3 download file from=s3://crmy-aws-batch-nf/TAADisco/run-derouane-et-al/eb/6e30d261380159b14c5d36cd6af7b1/R02_UCL_pos/R02_UCL_pos_abundance.h5 to=/home/ec2-user/repos/TAADisco/nextflow/outputs/run-Derouane-et-al/kallisto_gene_counts/R02_UCL_pos/R02_UCL_pos_abundance.h5 size=3965533
Nov-14 15:40:28.990 [PublishDir-2] DEBUG n.cloud.aws.nio.S3FileSystemProvider - S3 download file from=s3://crmy-aws-batch-nf/TAADisco/run-derouane-et-al/eb/6e30d261380159b14c5d36cd6af7b1/R02_UCL_pos/R02_UCL_pos_run_info.json to=/home/ec2-user/repos/TAADisco/nextflow/outputs/run-Derouane-et-al/kallisto_gene_counts/R02_UCL_pos/R02_UCL_pos_run_info.json size=450
Nov-14 15:40:38.918 [Task monitor] DEBUG n.processor.TaskPollingMonitor - Task completed > TaskHandler[id: 17; name: QUANT_COUNTS_KALLISTO (R29_UCL_pos); status: COMPLETED; exit: 0; error: -; workDir: s3://crmy-aws-batch-nf/TAADisco/run-derouane-et-al/1c/74e03f986e6450b0bc1c71774c5529]
Nov-14 15:40:38.980 [PublishDir-4] DEBUG n.cloud.aws.nio.S3FileSystemProvider - S3 download file from=s3://crmy-aws-batch-nf/TAADisco/run-derouane-et-al/1c/74e03f986e6450b0bc1c71774c5529/R29_UCL_pos/R29_UCL_pos_abundance.tsv to=/home/ec2-user/repos/TAADisco/nextflow/outputs/run-Derouane-et-al/kallisto_gene_counts/R29_UCL_pos/R29_UCL_pos_abundance.tsv size=12448796
Nov-14 15:40:38.992 [PublishDir-7] DEBUG n.cloud.aws.nio.S3FileSystemProvider - S3 download file from=s3://crmy-aws-batch-nf/TAADisco/run-derouane-et-al/1c/74e03f986e6450b0bc1c71774c5529/R29_UCL_pos/R29_UCL_pos_abundance.h5 to=/home/ec2-user/repos/TAADisco/nextflow/outputs/run-Derouane-et-al/kallisto_gene_counts/R29_UCL_pos/R29_UCL_pos_abundance.h5 size=3583908
Nov-14 15:40:38.992 [PublishDir-3] DEBUG n.cloud.aws.nio.S3FileSystemProvider - S3 download file from=s3://crmy-aws-batch-nf/TAADisco/run-derouane-et-al/1c/74e03f986e6450b0bc1c71774c5529/R29_UCL_pos/R29_UCL_pos_run_info.json to=/home/ec2-user/repos/TAADisco/nextflow/outputs/run-Derouane-et-al/kallisto_gene_counts/R29_UCL_pos/R29_UCL_pos_run_info.json size=449
Nov-14 15:41:18.918 [Task monitor] DEBUG n.processor.TaskPollingMonitor - Task completed > TaskHandler[id: 19; name: QUANT_COUNTS_KALLISTO (R11_UCL_pre); status: COMPLETED; exit: 0; error: -; workDir: s3://crmy-aws-batch-nf/TAADisco/run-derouane-et-al/7e/e884a1a81c1f0e3ee10dd220172bf3]
Nov-14 15:41:18.977 [PublishDir-5] DEBUG n.cloud.aws.nio.S3FileSystemProvider - S3 download file from=s3://crmy-aws-batch-nf/TAADisco/run-derouane-et-al/7e/e884a1a81c1f0e3ee10dd220172bf3/R11_UCL_pre/R11_UCL_pre_abundance.h5 to=/home/ec2-user/repos/TAADisco/nextflow/outputs/run-Derouane-et-al/kallisto_gene_counts/R11_UCL_pre/R11_UCL_pre_abundance.h5 size=3954661
Nov-14 15:41:18.995 [PublishDir-9] DEBUG n.cloud.aws.nio.S3FileSystemProvider - S3 download file from=s3://crmy-aws-batch-nf/TAADisco/run-derouane-et-al/7e/e884a1a81c1f0e3ee10dd220172bf3/R11_UCL_pre/R11_UCL_pre_run_info.json to=/home/ec2-user/repos/TAADisco/nextflow/outputs/run-Derouane-et-al/kallisto_gene_counts/R11_UCL_pre/R11_UCL_pre_run_info.json size=449
Nov-14 15:41:19.001 [PublishDir-6] DEBUG n.cloud.aws.nio.S3FileSystemProvider - S3 download file from=s3://crmy-aws-batch-nf/TAADisco/run-derouane-et-al/7e/e884a1a81c1f0e3ee10dd220172bf3/R11_UCL_pre/R11_UCL_pre_abundance.tsv to=/home/ec2-user/repos/TAADisco/nextflow/outputs/run-Derouane-et-al/kallisto_gene_counts/R11_UCL_pre/R11_UCL_pre_abundance.tsv size=12829777
Nov-14 15:41:28.923 [Task monitor] DEBUG n.processor.TaskPollingMonitor - Task completed > TaskHandler[id: 23; name: QUANT_COUNTS_KALLISTO (R29_UCL_pre); status: COMPLETED; exit: 0; error: -; workDir: s3://crmy-aws-batch-nf/TAADisco/run-derouane-et-al/32/79541b6df8930b510e404988edccd7]
Nov-14 15:41:28.981 [PublishDir-8] DEBUG n.cloud.aws.nio.S3FileSystemProvider - S3 download file from=s3://crmy-aws-batch-nf/TAADisco/run-derouane-et-al/32/79541b6df8930b510e404988edccd7/R29_UCL_pre/R29_UCL_pre_run_info.json to=/home/ec2-user/repos/TAADisco/nextflow/outputs/run-Derouane-et-al/kallisto_gene_counts/R29_UCL_pre/R29_UCL_pre_run_info.json size=449
Nov-14 15:41:29.001 [PublishDir-10] DEBUG n.cloud.aws.nio.S3FileSystemProvider - S3 download file from=s3://crmy-aws-batch-nf/TAADisco/run-derouane-et-al/32/79541b6df8930b510e404988edccd7/R29_UCL_pre/R29_UCL_pre_abundance.tsv to=/home/ec2-user/repos/TAADisco/nextflow/outputs/run-Derouane-et-al/kallisto_gene_counts/R29_UCL_pre/R29_UCL_pre_abundance.tsv size=12516592
Nov-14 15:41:29.004 [PublishDir-2] DEBUG n.cloud.aws.nio.S3FileSystemProvider - S3 download file from=s3://crmy-aws-batch-nf/TAADisco/run-derouane-et-al/32/79541b6df8930b510e404988edccd7/R29_UCL_pre/R29_UCL_pre_abundance.h5 to=/home/ec2-user/repos/TAADisco/nextflow/outputs/run-Derouane-et-al/kallisto_gene_counts/R29_UCL_pre/R29_UCL_pre_abundance.h5 size=3620549
Nov-14 15:41:38.929 [Task monitor] DEBUG n.processor.TaskPollingMonitor - Task completed > TaskHandler[id: 18; name: QUANT_COUNTS_KALLISTO (R11_UCL_pos); status: COMPLETED; exit: 0; error: -; workDir: s3://crmy-aws-batch-nf/TAADisco/run-derouane-et-al/23/4ed31046d747ab23c7dfbdd2341758]
Nov-14 15:41:38.982 [PublishDir-3] DEBUG n.cloud.aws.nio.S3FileSystemProvider - S3 download file from=s3://crmy-aws-batch-nf/TAADisco/run-derouane-et-al/23/4ed31046d747ab23c7dfbdd2341758/R11_UCL_pos/R11_UCL_pos_abundance.h5 to=/home/ec2-user/repos/TAADisco/nextflow/outputs/run-Derouane-et-al/kallisto_gene_counts/R11_UCL_pos/R11_UCL_pos_abundance.h5 size=3766725
Nov-14 15:41:39.006 [PublishDir-1] DEBUG n.cloud.aws.nio.S3FileSystemProvider - S3 download file from=s3://crmy-aws-batch-nf/TAADisco/run-derouane-et-al/23/4ed31046d747ab23c7dfbdd2341758/R11_UCL_pos/R11_UCL_pos_abundance.tsv to=/home/ec2-user/repos/TAADisco/nextflow/outputs/run-Derouane-et-al/kallisto_gene_counts/R11_UCL_pos/R11_UCL_pos_abundance.tsv size=12732867
Nov-14 15:41:39.007 [PublishDir-7] DEBUG n.cloud.aws.nio.S3FileSystemProvider - S3 download file from=s3://crmy-aws-batch-nf/TAADisco/run-derouane-et-al/23/4ed31046d747ab23c7dfbdd2341758/R11_UCL_pos/R11_UCL_pos_run_info.json to=/home/ec2-user/repos/TAADisco/nextflow/outputs/run-Derouane-et-al/kallisto_gene_counts/R11_UCL_pos/R11_UCL_pos_run_info.json size=450
Nov-14 15:41:58.914 [Task monitor] DEBUG n.processor.TaskPollingMonitor - Task completed > TaskHandler[id: 21; name: QUANT_COUNTS_KALLISTO (P56_UCL_pos); status: COMPLETED; exit: 0; error: -; workDir: s3://crmy-aws-batch-nf/TAADisco/run-derouane-et-al/9a/d0e8680e398f31f2826c83ad8b876d]
Nov-14 15:41:58.974 [PublishDir-4] DEBUG n.cloud.aws.nio.S3FileSystemProvider - S3 download file from=s3://crmy-aws-batch-nf/TAADisco/run-derouane-et-al/9a/d0e8680e398f31f2826c83ad8b876d/P56_UCL_pos/P56_UCL_pos_abundance.tsv to=/home/ec2-user/repos/TAADisco/nextflow/outputs/run-Derouane-et-al/kallisto_gene_counts/P56_UCL_pos/P56_UCL_pos_abundance.tsv size=12698039
Nov-14 15:41:58.989 [PublishDir-9] DEBUG n.cloud.aws.nio.S3FileSystemProvider - S3 download file from=s3://crmy-aws-batch-nf/TAADisco/run-derouane-et-al/9a/d0e8680e398f31f2826c83ad8b876d/P56_UCL_pos/P56_UCL_pos_abundance.h5 to=/home/ec2-user/repos/TAADisco/nextflow/outputs/run-Derouane-et-al/kallisto_gene_counts/P56_UCL_pos/P56_UCL_pos_abundance.h5 size=3756955
Nov-14 15:41:58.991 [PublishDir-5] DEBUG n.cloud.aws.nio.S3FileSystemProvider - S3 download file from=s3://crmy-aws-batch-nf/TAADisco/run-derouane-et-al/9a/d0e8680e398f31f2826c83ad8b876d/P56_UCL_pos/P56_UCL_pos_run_info.json to=/home/ec2-user/repos/TAADisco/nextflow/outputs/run-Derouane-et-al/kallisto_gene_counts/P56_UCL_pos/P56_UCL_pos_run_info.json size=450
Nov-14 15:43:48.850 [Task monitor] DEBUG n.processor.TaskPollingMonitor - !! executor awsbatch > tasks to be completed: 1 -- submitted tasks are shown below
~> TaskHandler[id: 24; name: QUANT_COUNTS_KALLISTO (P56_UCL_pre); status: RUNNING; exit: -; error: -; workDir: s3://crmy-aws-batch-nf/TAADisco/run-derouane-et-al/c3/32e4d15ffc4c20d3e7f726c555460a]
Nov-14 15:48:48.858 [Task monitor] DEBUG n.processor.TaskPollingMonitor - !! executor awsbatch > tasks to be completed: 1 -- submitted tasks are shown below
~> TaskHandler[id: 24; name: QUANT_COUNTS_KALLISTO (P56_UCL_pre); status: RUNNING; exit: -; error: -; workDir: s3://crmy-aws-batch-nf/TAADisco/run-derouane-et-al/c3/32e4d15ffc4c20d3e7f726c555460a]
Nov-14 15:48:48.944 [Task monitor] DEBUG n.processor.TaskPollingMonitor - Task completed > TaskHandler[id: 24; name: QUANT_COUNTS_KALLISTO (P56_UCL_pre); status: COMPLETED; exit: 0; error: -; workDir: s3://crmy-aws-batch-nf/TAADisco/run-derouane-et-al/c3/32e4d15ffc4c20d3e7f726c555460a]
Nov-14 15:48:48.984 [main] DEBUG nextflow.Session - Session await > all processes finished
Nov-14 15:48:48.995 [PublishDir-8] DEBUG n.cloud.aws.nio.S3FileSystemProvider - S3 download file from=s3://crmy-aws-batch-nf/TAADisco/run-derouane-et-al/c3/32e4d15ffc4c20d3e7f726c555460a/P56_UCL_pre/P56_UCL_pre_abundance.h5 to=/home/ec2-user/repos/TAADisco/nextflow/outputs/run-Derouane-et-al/kallisto_gene_counts/P56_UCL_pre/P56_UCL_pre_abundance.h5 size=3943207
Nov-14 15:48:49.010 [PublishDir-6] DEBUG n.cloud.aws.nio.S3FileSystemProvider - S3 download file from=s3://crmy-aws-batch-nf/TAADisco/run-derouane-et-al/c3/32e4d15ffc4c20d3e7f726c555460a/P56_UCL_pre/P56_UCL_pre_abundance.tsv to=/home/ec2-user/repos/TAADisco/nextflow/outputs/run-Derouane-et-al/kallisto_gene_counts/P56_UCL_pre/P56_UCL_pre_abundance.tsv size=13026020
Nov-14 15:48:49.013 [PublishDir-2] DEBUG n.cloud.aws.nio.S3FileSystemProvider - S3 download file from=s3://crmy-aws-batch-nf/TAADisco/run-derouane-et-al/c3/32e4d15ffc4c20d3e7f726c555460a/P56_UCL_pre/P56_UCL_pre_run_info.json to=/home/ec2-user/repos/TAADisco/nextflow/outputs/run-Derouane-et-al/kallisto_gene_counts/P56_UCL_pre/P56_UCL_pre_run_info.json size=450
Nov-14 15:48:58.860 [Task monitor] DEBUG n.processor.TaskPollingMonitor - <<< barrier arrives (monitor: awsbatch) - terminating tasks monitor poll loop
Nov-14 15:48:58.860 [main] DEBUG nextflow.Session - Session await > all barriers passed
Nov-14 15:48:58.863 [main] DEBUG nextflow.util.ThreadPoolManager - Thread pool 'TaskFinalizer' shutdown completed (hard=false)
Nov-14 15:48:58.864 [main] DEBUG nextflow.util.ThreadPoolManager - Thread pool 'PublishDir' shutdown completed (hard=false)
Nov-14 15:48:58.867 [main] ERROR nextflow.script.WorkflowMetadata - Failed to invoke `workflow.onComplete` event handler
java.lang.NullPointerException: Cannot get property 'complete' on null object
	at org.codehaus.groovy.runtime.NullObject.getProperty(NullObject.java:92)
	at org.codehaus.groovy.vmplugin.v8.IndyInterface.fromCache(IndyInterface.java:321)
	at Script_c11947d0408a3e20$_runScript_closure1$_closure2$_closure5.doCall(Script_c11947d0408a3e20:48)
	at Script_c11947d0408a3e20$_runScript_closure1$_closure2$_closure5.doCall(Script_c11947d0408a3e20)
	at java.base/jdk.internal.reflect.DirectMethodHandleAccessor.invoke(DirectMethodHandleAccessor.java:103)
	at java.base/java.lang.reflect.Method.invoke(Method.java:580)
	at org.codehaus.groovy.reflection.CachedMethod.invoke(CachedMethod.java:343)
	at groovy.lang.MetaMethod.doMethodInvoke(MetaMethod.java:328)
	at org.codehaus.groovy.runtime.metaclass.ClosureMetaClass.invokeMethod(ClosureMetaClass.java:280)
	at groovy.lang.MetaClassImpl.invokeMethod(MetaClassImpl.java:1007)
	at groovy.lang.Closure.call(Closure.java:433)
	at groovy.lang.Closure.call(Closure.java:412)
	at nextflow.script.WorkflowMetadata$_invokeOnComplete_closure3.doCall(WorkflowMetadata.groovy:416)
	at java.base/jdk.internal.reflect.DirectMethodHandleAccessor.invoke(DirectMethodHandleAccessor.java:103)
	at java.base/java.lang.reflect.Method.invoke(Method.java:580)
	at org.codehaus.groovy.reflection.CachedMethod.invoke(CachedMethod.java:343)
	at groovy.lang.MetaMethod.doMethodInvoke(MetaMethod.java:328)
	at org.codehaus.groovy.runtime.metaclass.ClosureMetaClass.invokeMethod(ClosureMetaClass.java:280)
	at groovy.lang.MetaClassImpl.invokeMethod(MetaClassImpl.java:1007)
	at groovy.lang.Closure.call(Closure.java:433)
	at groovy.lang.Closure.call(Closure.java:422)
	at org.codehaus.groovy.runtime.DefaultGroovyMethods.each(DefaultGroovyMethods.java:2394)
	at org.codehaus.groovy.runtime.DefaultGroovyMethods.each(DefaultGroovyMethods.java:2379)
	at org.codehaus.groovy.runtime.DefaultGroovyMethods.each(DefaultGroovyMethods.java:2420)
	at nextflow.script.WorkflowMetadata.invokeOnComplete(WorkflowMetadata.groovy:414)
	at java.base/jdk.internal.reflect.DirectMethodHandleAccessor.invoke(DirectMethodHandleAccessor.java:103)
	at java.base/java.lang.reflect.Method.invoke(Method.java:580)
	at org.codehaus.groovy.reflection.CachedMethod.invoke(CachedMethod.java:343)
	at groovy.lang.MetaMethod.doMethodInvoke(MetaMethod.java:328)
	at groovy.lang.MetaClassImpl.doInvokeMethod(MetaClassImpl.java:1339)
	at groovy.lang.MetaClassImpl.invokeMethod(MetaClassImpl.java:1094)
	at groovy.lang.MetaClassImpl.invokeMethod(MetaClassImpl.java:1007)
	at org.codehaus.groovy.runtime.InvokerHelper.invokePogoMethod(InvokerHelper.java:645)
	at org.codehaus.groovy.runtime.InvokerHelper.invokeMethod(InvokerHelper.java:628)
	at org.codehaus.groovy.runtime.InvokerHelper.invokeMethodSafe(InvokerHelper.java:82)
	at nextflow.script.WorkflowMetadata$_closure2.doCall(WorkflowMetadata.groovy:287)
	at nextflow.script.WorkflowMetadata$_closure2.call(WorkflowMetadata.groovy)
	at groovy.lang.Closure.run(Closure.java:505)
	at nextflow.Session.shutdown0(Session.groovy:771)
	at nextflow.Session.destroy(Session.groovy:724)
	at nextflow.script.ScriptRunner.shutdown(ScriptRunner.groovy:263)
	at nextflow.script.ScriptRunner.execute(ScriptRunner.groovy:147)
	at nextflow.cli.CmdRun.run(CmdRun.groovy:428)
	at nextflow.cli.Launcher.run(Launcher.groovy:515)
	at nextflow.cli.Launcher.main(Launcher.groovy:675)
Nov-14 15:48:58.904 [main] DEBUG n.trace.WorkflowStatsObserver - Workflow completed > WorkflowStats[succeededCount=24; failedCount=0; ignoredCount=0; cachedCount=0; pendingCount=0; submittedCount=0; runningCount=0; retriesCount=0; abortedCount=0; succeedDuration=16h 10m 10s; failedDuration=0ms; cachedDuration=0ms;loadCpus=0; loadMemory=0; peakRunning=10; peakCpus=76; peakMemory=0; ]
Nov-14 15:48:59.149 [main] DEBUG nextflow.trace.ReportObserver - Workflow completed -- rendering execution report
Nov-14 15:49:00.304 [main] DEBUG nextflow.trace.TimelineObserver - Workflow completed -- rendering execution timeline
Nov-14 15:49:00.444 [main] DEBUG nextflow.trace.TraceFileObserver - Workflow completed -- saving trace file
Nov-14 15:49:00.465 [main] DEBUG nextflow.cache.CacheDB - Closing CacheDB done
Nov-14 15:49:00.488 [main] INFO  org.pf4j.AbstractPluginManager - Stop plugin 'nf-amazon@3.4.1'
Nov-14 15:49:00.488 [main] DEBUG nextflow.plugin.BasePlugin - Plugin stopped nf-amazon
Nov-14 15:49:00.491 [main] DEBUG nextflow.util.ThreadPoolManager - Thread pool 'FileTransfer' shutdown completed (hard=false)
Nov-14 15:49:00.493 [main] DEBUG nextflow.util.ThreadPoolManager - Thread pool 'S3TransferManager' shutdown completed (hard=false)
Nov-14 15:49:00.493 [main] DEBUG nextflow.script.ScriptRunner - > Execution complete -- Goodbye
