Nov-14 16:32:49.448 [main] DEBUG nextflow.cli.Launcher - $> nextflow -log runlogs/nextflow-ec2-user-20251114-163246-6smazx.log run main.nf --runKallisto true -profile awsbatch --inputDir /home/ec2-user/repos/TAADisco/input-data/fastqs/Derouane-et-al/TNBC/ --outputDir ./outputs/run-Derouane-et-al -w 's3://crmy-aws-batch-nf/TAADisco/run-derouane-et-al' -resume
Nov-14 16:32:49.635 [main] DEBUG nextflow.cli.CmdRun - N E X T F L O W  ~  version 25.10.0
Nov-14 16:32:49.718 [main] DEBUG nextflow.config.ConfigBuilder - Found config local: /home/ec2-user/repos/TAADisco/nextflow/nextflow.config
Nov-14 16:32:49.722 [main] DEBUG nextflow.config.ConfigBuilder - Parsing config file: /home/ec2-user/repos/TAADisco/nextflow/nextflow.config
Nov-14 16:32:49.767 [main] DEBUG nextflow.config.ConfigBuilder - Applying config profile: `awsbatch`
Nov-14 16:32:50.703 [main] DEBUG nextflow.config.ConfigBuilder - Available config profiles: [awsbatch, local]
Nov-14 16:32:50.767 [main] DEBUG nextflow.plugin.PluginsFacade - Setting up plugin manager > mode=prod; embedded=false; plugins-dir=/home/ec2-user/.nextflow/plugins; core-plugins: nf-amazon@3.4.1,nf-azure@1.20.2,nf-cloudcache@0.5.0,nf-codecommit@0.5.0,nf-console@1.3.0,nf-google@1.23.3,nf-k8s@1.2.2,nf-tower@1.17.1,nf-wave@1.16.1
Nov-14 16:32:50.781 [main] INFO  o.pf4j.DefaultPluginStatusProvider - Enabled plugins: []
Nov-14 16:32:50.782 [main] INFO  o.pf4j.DefaultPluginStatusProvider - Disabled plugins: []
Nov-14 16:32:50.786 [main] INFO  org.pf4j.DefaultPluginManager - PF4J version 3.12.0 in 'deployment' mode
Nov-14 16:32:50.805 [main] DEBUG nextflow.util.RetryConfig - Missing nextflow session - using default retry config
Nov-14 16:32:50.987 [main] INFO  org.pf4j.AbstractPluginManager - No plugins
Nov-14 16:32:50.990 [main] DEBUG nextflow.plugin.PluginsFacade - Plugins default=[nf-amazon@3.4.1]
Nov-14 16:32:50.990 [main] DEBUG nextflow.plugin.PluginsFacade - Plugins resolved requirement=[nf-amazon@3.4.1]
Nov-14 16:32:51.809 [main] DEBUG n.plugin.HttpPluginRepository - Registry request: https://registry.nextflow.io/api/v1/plugins/dependencies?plugins=nf-amazon%403.4.1&nextflowVersion=25.10.0
- code: 200
- body: {"plugins":[{"id":"nf-amazon","downloadCount":16942,"downloadGhCount":1344698,"releases":[{"version":"3.4.1","url":"https://registry.nextflow.io/api/v1/plugins/nf-amazon/3.4.1/download/nf-amazon-3.4.1.zip","date":"2025-10-22T16:29:06.396625Z","sha512sum":"bc7c4b6166aa5ef32df3362ceec263df434875b1db332594cd71c8d3f462adfcad55802034cbcfd269917e1efa4f45d224143f024fc1170d156daa40897f3873","requires":">=25.09.2-edge","dependsOn":[],"downloadCount":14243,"downloadGhCount":0,"status":"PUBLISHED","spec":null}],"projectUrl":"https://github.com/nextflow-io/nf-amazon","provider":"nextflow-io","description":null}]}
Nov-14 16:32:51.865 [main] DEBUG nextflow.plugin.PluginUpdater - Installing plugin nf-amazon version: 3.4.1
Nov-14 16:32:51.881 [main] INFO  org.pf4j.AbstractPluginManager - Plugin 'nf-amazon@3.4.1' resolved
Nov-14 16:32:51.882 [main] INFO  org.pf4j.AbstractPluginManager - Start plugin 'nf-amazon@3.4.1'
Nov-14 16:32:51.910 [main] DEBUG nextflow.plugin.BasePlugin - Plugin started nf-amazon@3.4.1
Nov-14 16:32:51.928 [main] DEBUG nextflow.file.FileHelper - > Added 'S3FileSystemProvider' to list of installed providers [s3]
Nov-14 16:32:51.949 [main] DEBUG n.secret.LocalSecretsProvider - Secrets store: /home/ec2-user/.nextflow/secrets/store.json
Nov-14 16:32:51.952 [main] DEBUG nextflow.secret.SecretsLoader - Discovered secrets providers: [nextflow.secret.LocalSecretsProvider@59c500f7] - activable => nextflow.secret.LocalSecretsProvider@59c500f7
Nov-14 16:32:51.954 [main] DEBUG nextflow.cli.CmdRun - Applied DSL=2 from script declaration
Nov-14 16:32:51.970 [main] DEBUG nextflow.cli.CmdRun - Launching `main.nf` [stoic_becquerel] DSL2 - revision: 5648988e11
Nov-14 16:32:52.031 [main] DEBUG nextflow.Session - Session UUID: 51f7fe63-72a6-4349-9b0a-20ec0487ea69
Nov-14 16:32:52.032 [main] DEBUG nextflow.Session - Run name: stoic_becquerel
Nov-14 16:32:52.033 [main] DEBUG nextflow.Session - Executor pool size: 4
Nov-14 16:32:52.047 [main] DEBUG nextflow.file.FileHelper - Creating a file system instance for provider: S3FileSystemProvider; config=[region:ap-southeast-5, batch:[cliPath:/opt/conda/bin/aws], client:[maxConnections:100]]
Nov-14 16:32:52.063 [main] DEBUG nextflow.cloud.aws.config.AwsConfig - AWS S3 config properties: {max_connections=100, max_error_retry=5}
Nov-14 16:32:54.695 [main] DEBUG nextflow.file.FilePorter - File porter settings maxRetries=3; maxTransfers=50; pollTimeout=null
Nov-14 16:32:54.702 [main] DEBUG nextflow.util.ThreadPoolBuilder - Creating thread pool 'FileTransfer' minSize=10; maxSize=12; workQueue=LinkedBlockingQueue[-1]; allowCoreThreadTimeout=false
Nov-14 16:32:54.734 [main] DEBUG nextflow.cli.CmdRun - 
  Version: 25.10.0 build 10289
  Created: 22-10-2025 16:26 UTC 
  System: Linux 6.1.153-175.280.amzn2023.x86_64
  Runtime: Groovy 4.0.28 on OpenJDK 64-Bit Server VM 23.0.2-internal-adhoc.conda.src
  Encoding: UTF-8 (UTF-8)
  Process: 691662@ip-172-31-39-213.ap-southeast-5.compute.internal [172.31.39.213]
  CPUs: 4 - Mem: 15.4 GB (3.8 GB) - Swap: 0 (0)
Nov-14 16:32:55.546 [main] DEBUG nextflow.file.FileHelper - Unable to determine FS type (1): s3://crmy-aws-batch-nf/TAADisco/run-derouane-et-al

Nov-14 16:32:55.546 [main] DEBUG nextflow.Session - Work-dir: s3://crmy-aws-batch-nf/TAADisco/run-derouane-et-al [null]
Nov-14 16:32:55.547 [main] DEBUG nextflow.Session - Script base path does not exist or is not a directory: /home/ec2-user/repos/TAADisco/nextflow/bin
Nov-14 16:32:55.572 [main] DEBUG nextflow.executor.ExecutorFactory - Extension executors providers=[AwsBatchExecutor]
Nov-14 16:32:55.583 [main] DEBUG nextflow.Session - Observer factory (v2): LinObserverFactory
Nov-14 16:32:55.586 [main] DEBUG nextflow.Session - Observer factory (v2): DefaultObserverFactory
Nov-14 16:32:55.644 [main] DEBUG nextflow.cache.CacheFactory - Using Nextflow cache factory: nextflow.cache.DefaultCacheFactory
Nov-14 16:32:55.654 [main] DEBUG nextflow.util.CustomThreadPool - Creating default thread pool > poolSize: 5; maxThreads: 1000
Nov-14 16:32:55.992 [main] DEBUG nextflow.Session - Session start
Nov-14 16:32:56.003 [main] DEBUG nextflow.trace.TraceFileObserver - Workflow started -- trace file: ./outputs/run-Derouane-et-al/reports/trace.txt
Nov-14 16:32:56.285 [main] DEBUG nextflow.script.ScriptRunner - > Launching execution
Nov-14 16:32:56.803 [main] DEBUG n.script.dsl.ProcessConfigBuilder - Config settings `withLabel:trimReads` matches labels `trimReads` for process with name TRIM_READS_FASTP
Nov-14 16:32:56.819 [main] DEBUG nextflow.executor.ExecutorFactory - << taskConfig executor: awsbatch
Nov-14 16:32:56.820 [main] DEBUG nextflow.executor.ExecutorFactory - >> processorType: 'awsbatch'
Nov-14 16:32:56.828 [main] DEBUG nextflow.executor.Executor - [warm up] executor > awsbatch
Nov-14 16:32:56.842 [main] DEBUG nextflow.util.ThrottlingExecutor - Creating throttling executor with opts: nextflow.util.ThrottlingExecutor$Options(poolName:AWSBatch-executor, limiter:RateLimiter[stableRate=50.0qps], poolSize:20, maxPoolSize:20, queueSize:5000, maxRetries:10, keepAlive:1m, autoThrottle:true, errorBurstDelay:1s, rampUpInterval:100, rampUpFactor:1.2, rampUpMaxRate:1.7976931348623157E308, backOffFactor:2.0, backOffMinRate:0.0166666667, retryDelay:1s)
Nov-14 16:32:56.847 [main] DEBUG nextflow.util.ThrottlingExecutor - Creating throttling executor with opts: nextflow.util.ThrottlingExecutor$Options(poolName:AWSBatch-reaper, limiter:RateLimiter[stableRate=50.0qps], poolSize:20, maxPoolSize:20, queueSize:5000, maxRetries:10, keepAlive:1m, autoThrottle:true, errorBurstDelay:1s, rampUpInterval:100, rampUpFactor:1.2, rampUpMaxRate:1.7976931348623157E308, backOffFactor:2.0, backOffMinRate:0.0166666667, retryDelay:1s)
Nov-14 16:32:56.849 [main] DEBUG n.cloud.aws.batch.AwsBatchExecutor - Creating parallel monitor for executor 'awsbatch' > pollInterval=10s; dumpInterval=5m
Nov-14 16:32:56.855 [main] DEBUG n.processor.TaskPollingMonitor - >>> barrier register (monitor: awsbatch)
Nov-14 16:32:57.374 [main] DEBUG n.cloud.aws.batch.AwsBatchExecutor - [AWS BATCH] Executor options=AwsOptions(remoteBinDir:null, fetchInstanceType:false, region:ap-southeast-5, jobRole:null, logsGroup:null, retryMode:standard, shareIdentifier:null, schedulingPriority:0, cliPath:/opt/conda/bin/aws, volumes:[], maxParallelTransfers:4, maxTransferAttempts:5, maxSpotAttempts:null, delayBetweenAttempts:10s, storageClass:null, storageEncryption:null, storageKmsKeyId:null, s3Acl:null, debug:null, requesterPays:null, awsCli:/opt/conda/bin/aws --region ap-southeast-5, fargateMode:false, s5cmdPath:null, executionRole:null)
Nov-14 16:32:57.456 [main] DEBUG nextflow.processor.TaskProcessor - Creating process 'TRIM_READS_FASTP': maxForks=0; fair=false; array=0
Nov-14 16:32:57.509 [main] DEBUG nextflow.file.FileHelper - Creating a file system instance for provider: S3FileSystemProvider; config=[region:ap-southeast-5, batch:[cliPath:/opt/conda/bin/aws], client:[maxConnections:100]]
Nov-14 16:32:57.509 [main] DEBUG nextflow.cloud.aws.config.AwsConfig - AWS S3 config properties: {max_connections=100, max_error_retry=5}
Nov-14 16:32:58.933 [main] DEBUG n.script.dsl.ProcessConfigBuilder - Config settings `withLabel:quantCounts` matches labels `quantCounts` for process with name QUANT_COUNTS_KALLISTO
Nov-14 16:32:58.935 [main] DEBUG nextflow.executor.ExecutorFactory - << taskConfig executor: awsbatch
Nov-14 16:32:58.935 [main] DEBUG nextflow.executor.ExecutorFactory - >> processorType: 'awsbatch'
Nov-14 16:32:58.936 [main] DEBUG nextflow.processor.TaskProcessor - Creating process 'QUANT_COUNTS_KALLISTO': maxForks=0; fair=false; array=0
Nov-14 16:32:58.942 [main] DEBUG nextflow.Session - Workflow process names [dsl2]: TRIM_READS_FASTP, QUANT_COUNTS_KALLISTO
Nov-14 16:32:58.945 [main] DEBUG nextflow.Session - Igniting dataflow network (4)
Nov-14 16:32:58.963 [PathVisitor-1] DEBUG nextflow.file.PathVisitor - files for syntax: glob; folder: /home/ec2-user/repos/TAADisco/input-data/fastqs/Derouane-et-al/TNBC/; pattern: *_R{1,2}*.fastq.gz; options: [:]
Nov-14 16:32:58.966 [main] DEBUG nextflow.processor.TaskProcessor - Starting process > TRIM_READS_FASTP
Nov-14 16:32:58.966 [main] DEBUG nextflow.processor.TaskProcessor - Starting process > QUANT_COUNTS_KALLISTO
Nov-14 16:32:58.967 [main] DEBUG nextflow.script.ScriptRunner - Parsed script files:
  Script_1fbf634740319e3d: /home/ec2-user/repos/TAADisco/nextflow/modules/trim_reads_fastp.nf
  Script_b3230795d2db0cad: /home/ec2-user/repos/TAADisco/nextflow/main.nf
  Script_076d008b2b1f07b4: /home/ec2-user/repos/TAADisco/nextflow/modules/quant_counts_kallisto.nf
Nov-14 16:32:58.967 [main] DEBUG nextflow.script.ScriptRunner - > Awaiting termination 
Nov-14 16:32:58.967 [main] DEBUG nextflow.Session - Session await
Nov-14 16:32:59.796 [FileTransfer-3] DEBUG nextflow.file.FilePorter - Local cache found for foreign file /home/ec2-user/repos/TAADisco/input-data/fastqs/Derouane-et-al/TNBC/R11_UCL_pos_R1.fastq.gz at s3://crmy-aws-batch-nf/TAADisco/run-derouane-et-al/stage-51f7fe63-72a6-4349-9b0a-20ec0487ea69/b8/b3242fc252d7c058a427f88312bafc/R11_UCL_pos_R1.fastq.gz
Nov-14 16:32:59.810 [FileTransfer-6] DEBUG nextflow.file.FilePorter - Local cache found for foreign file /home/ec2-user/repos/TAADisco/input-data/fastqs/Derouane-et-al/TNBC/R13_UCL_pos_R1.fastq.gz at s3://crmy-aws-batch-nf/TAADisco/run-derouane-et-al/stage-51f7fe63-72a6-4349-9b0a-20ec0487ea69/c3/6a1eaa715da0763201635c57ad6c3c/R13_UCL_pos_R1.fastq.gz
Nov-14 16:32:59.825 [FileTransfer-2] DEBUG nextflow.file.FilePorter - Local cache found for foreign file /home/ec2-user/repos/TAADisco/input-data/fastqs/Derouane-et-al/TNBC/R02_UCL_pre_R2.fastq.gz at s3://crmy-aws-batch-nf/TAADisco/run-derouane-et-al/stage-51f7fe63-72a6-4349-9b0a-20ec0487ea69/34/9d01472feb224a072e7bb725f5a993/R02_UCL_pre_R2.fastq.gz
Nov-14 16:32:59.825 [FileTransfer-8] DEBUG nextflow.file.FilePorter - Local cache found for foreign file /home/ec2-user/repos/TAADisco/input-data/fastqs/Derouane-et-al/TNBC/R02_UCL_pos_R2.fastq.gz at s3://crmy-aws-batch-nf/TAADisco/run-derouane-et-al/stage-51f7fe63-72a6-4349-9b0a-20ec0487ea69/c6/7040147de4de7ea34aac5306142980/R02_UCL_pos_R2.fastq.gz
Nov-14 16:32:59.828 [FileTransfer-4] DEBUG nextflow.file.FilePorter - Local cache found for foreign file /home/ec2-user/repos/TAADisco/input-data/fastqs/Derouane-et-al/TNBC/R11_UCL_pos_R2.fastq.gz at s3://crmy-aws-batch-nf/TAADisco/run-derouane-et-al/stage-51f7fe63-72a6-4349-9b0a-20ec0487ea69/ef/9ddcc152dbd757efe6e77e05011953/R11_UCL_pos_R2.fastq.gz
Nov-14 16:32:59.833 [FileTransfer-5] DEBUG nextflow.file.FilePorter - Local cache found for foreign file /home/ec2-user/repos/TAADisco/input-data/fastqs/Derouane-et-al/TNBC/R02_UCL_pos_R1.fastq.gz at s3://crmy-aws-batch-nf/TAADisco/run-derouane-et-al/stage-51f7fe63-72a6-4349-9b0a-20ec0487ea69/3c/0abbf349524115ee27fea0d8accd17/R02_UCL_pos_R1.fastq.gz
Nov-14 16:32:59.837 [FileTransfer-7] DEBUG nextflow.file.FilePorter - Local cache found for foreign file /home/ec2-user/repos/TAADisco/input-data/fastqs/Derouane-et-al/TNBC/R13_UCL_pos_R2.fastq.gz at s3://crmy-aws-batch-nf/TAADisco/run-derouane-et-al/stage-51f7fe63-72a6-4349-9b0a-20ec0487ea69/1c/407cbccd9459bae4446723e1afbe60/R13_UCL_pos_R2.fastq.gz
Nov-14 16:32:59.841 [FileTransfer-1] DEBUG nextflow.file.FilePorter - Local cache found for foreign file /home/ec2-user/repos/TAADisco/input-data/fastqs/Derouane-et-al/TNBC/R02_UCL_pre_R1.fastq.gz at s3://crmy-aws-batch-nf/TAADisco/run-derouane-et-al/stage-51f7fe63-72a6-4349-9b0a-20ec0487ea69/fb/dcf3c4830eb66c3a3c00e0d2b05113/R02_UCL_pre_R1.fastq.gz
Nov-14 16:33:00.337 [Actor Thread 4] INFO  nextflow.processor.TaskProcessor - [02/24da0b] Cached process > TRIM_READS_FASTP (R02_UCL_pos)
Nov-14 16:33:00.337 [Actor Thread 1] INFO  nextflow.processor.TaskProcessor - [ed/ff44a5] Cached process > TRIM_READS_FASTP (R13_UCL_pos)
Nov-14 16:33:00.337 [Actor Thread 3] INFO  nextflow.processor.TaskProcessor - [90/ed2975] Cached process > TRIM_READS_FASTP (R02_UCL_pre)
Nov-14 16:33:00.337 [Actor Thread 5] INFO  nextflow.processor.TaskProcessor - [bc/674a49] Cached process > TRIM_READS_FASTP (R11_UCL_pos)
Nov-14 16:33:00.440 [Actor Thread 3] DEBUG nextflow.util.ThreadPoolBuilder - Creating thread pool 'PublishDir' minSize=10; maxSize=12; workQueue=LinkedBlockingQueue[-1]; allowCoreThreadTimeout=false
Nov-14 16:33:00.903 [FileTransfer-8] DEBUG nextflow.file.FilePorter - Local cache found for foreign file /home/ec2-user/repos/TAADisco/input-data/fastqs/Derouane-et-al/TNBC/P56_UCL_pos_R2.fastq.gz at s3://crmy-aws-batch-nf/TAADisco/run-derouane-et-al/stage-51f7fe63-72a6-4349-9b0a-20ec0487ea69/e5/b10c25b476442a756282f997ad4e57/P56_UCL_pos_R2.fastq.gz
Nov-14 16:33:00.902 [FileTransfer-3] DEBUG nextflow.file.FilePorter - Local cache found for foreign file /home/ec2-user/repos/TAADisco/input-data/fastqs/Derouane-et-al/TNBC/R27_UCL_pos_R1.fastq.gz at s3://crmy-aws-batch-nf/TAADisco/run-derouane-et-al/stage-51f7fe63-72a6-4349-9b0a-20ec0487ea69/e5/dc74adb714b967ff187178a815425f/R27_UCL_pos_R1.fastq.gz
Nov-14 16:33:00.905 [FileTransfer-6] DEBUG nextflow.file.FilePorter - Local cache found for foreign file /home/ec2-user/repos/TAADisco/input-data/fastqs/Derouane-et-al/TNBC/R27_UCL_pos_R2.fastq.gz at s3://crmy-aws-batch-nf/TAADisco/run-derouane-et-al/stage-51f7fe63-72a6-4349-9b0a-20ec0487ea69/05/7e20d74dc3d3f1b7433725ac303786/R27_UCL_pos_R2.fastq.gz
Nov-14 16:33:00.903 [FileTransfer-9] DEBUG nextflow.file.FilePorter - Local cache found for foreign file /home/ec2-user/repos/TAADisco/input-data/fastqs/Derouane-et-al/TNBC/R29_UCL_pos_R1.fastq.gz at s3://crmy-aws-batch-nf/TAADisco/run-derouane-et-al/stage-51f7fe63-72a6-4349-9b0a-20ec0487ea69/df/541e07d7cfcafe4cc27f2a42e9bd97/R29_UCL_pos_R1.fastq.gz
Nov-14 16:33:00.904 [FileTransfer-2] DEBUG nextflow.file.FilePorter - Local cache found for foreign file /home/ec2-user/repos/TAADisco/input-data/fastqs/Derouane-et-al/TNBC/P56_UCL_pos_R1.fastq.gz at s3://crmy-aws-batch-nf/TAADisco/run-derouane-et-al/stage-51f7fe63-72a6-4349-9b0a-20ec0487ea69/2b/ab72d737711a9316af14345fe3d33c/P56_UCL_pos_R1.fastq.gz
Nov-14 16:33:00.904 [FileTransfer-4] DEBUG nextflow.file.FilePorter - Local cache found for foreign file /home/ec2-user/repos/TAADisco/input-data/fastqs/Derouane-et-al/TNBC/R11_UCL_pre_R1.fastq.gz at s3://crmy-aws-batch-nf/TAADisco/run-derouane-et-al/stage-51f7fe63-72a6-4349-9b0a-20ec0487ea69/9d/b239b208ca7cfcb2c91c9c2f8cfea8/R11_UCL_pre_R1.fastq.gz
Nov-14 16:33:00.905 [FileTransfer-10] DEBUG nextflow.file.FilePorter - Local cache found for foreign file /home/ec2-user/repos/TAADisco/input-data/fastqs/Derouane-et-al/TNBC/R29_UCL_pos_R2.fastq.gz at s3://crmy-aws-batch-nf/TAADisco/run-derouane-et-al/stage-51f7fe63-72a6-4349-9b0a-20ec0487ea69/e2/8d2af5cd6040e73515a4d9ede54ec1/R29_UCL_pos_R2.fastq.gz
Nov-14 16:33:00.914 [FileTransfer-5] DEBUG nextflow.file.FilePorter - Local cache found for foreign file /home/ec2-user/repos/TAADisco/input-data/fastqs/Derouane-et-al/TNBC/R11_UCL_pre_R2.fastq.gz at s3://crmy-aws-batch-nf/TAADisco/run-derouane-et-al/stage-51f7fe63-72a6-4349-9b0a-20ec0487ea69/7e/0e53cebe5376dd66eeb289f1f7a91a/R11_UCL_pre_R2.fastq.gz
Nov-14 16:33:00.985 [Actor Thread 5] INFO  nextflow.processor.TaskProcessor - [b8/124ac7] Cached process > TRIM_READS_FASTP (R29_UCL_pos)
Nov-14 16:33:00.986 [Actor Thread 4] INFO  nextflow.processor.TaskProcessor - [17/bcb329] Cached process > TRIM_READS_FASTP (R27_UCL_pos)
Nov-14 16:33:00.990 [Actor Thread 3] INFO  nextflow.processor.TaskProcessor - [a7/f51ddc] Cached process > TRIM_READS_FASTP (P56_UCL_pos)
Nov-14 16:33:00.995 [Actor Thread 8] INFO  nextflow.processor.TaskProcessor - [9e/a79f51] Cached process > TRIM_READS_FASTP (R11_UCL_pre)
Nov-14 16:33:01.344 [Actor Thread 11] INFO  nextflow.processor.TaskProcessor - [23/4ed310] Cached process > QUANT_COUNTS_KALLISTO (R11_UCL_pos)
Nov-14 16:33:01.346 [Actor Thread 6] INFO  nextflow.processor.TaskProcessor - [7b/802948] Cached process > QUANT_COUNTS_KALLISTO (R13_UCL_pos)
Nov-14 16:33:01.349 [Actor Thread 10] INFO  nextflow.processor.TaskProcessor - [eb/6e30d2] Cached process > QUANT_COUNTS_KALLISTO (R02_UCL_pos)
Nov-14 16:33:01.352 [FileTransfer-7] DEBUG nextflow.file.FilePorter - Local cache found for foreign file /home/ec2-user/repos/TAADisco/input-data/fastqs/Derouane-et-al/TNBC/R27_UCL_pre_R1.fastq.gz at s3://crmy-aws-batch-nf/TAADisco/run-derouane-et-al/stage-51f7fe63-72a6-4349-9b0a-20ec0487ea69/96/b1e7f109aa7ba3fe05ad03882a3fd4/R27_UCL_pre_R1.fastq.gz
Nov-14 16:33:01.354 [Actor Thread 9] INFO  nextflow.processor.TaskProcessor - [d0/aea4ed] Cached process > QUANT_COUNTS_KALLISTO (R02_UCL_pre)
Nov-14 16:33:01.357 [FileTransfer-1] DEBUG nextflow.file.FilePorter - Local cache found for foreign file /home/ec2-user/repos/TAADisco/input-data/fastqs/Derouane-et-al/TNBC/R27_UCL_pre_R2.fastq.gz at s3://crmy-aws-batch-nf/TAADisco/run-derouane-et-al/stage-51f7fe63-72a6-4349-9b0a-20ec0487ea69/a4/432e92932f14b9d48cc8ae3da3c1a6/R27_UCL_pre_R2.fastq.gz
Nov-14 16:33:01.449 [Actor Thread 1] INFO  nextflow.processor.TaskProcessor - [88/fd8dff] Cached process > TRIM_READS_FASTP (R27_UCL_pre)
Nov-14 16:33:01.454 [FileTransfer-3] DEBUG nextflow.file.FilePorter - Local cache found for foreign file /home/ec2-user/repos/TAADisco/input-data/fastqs/Derouane-et-al/TNBC/P56_UCL_pre_R2.fastq.gz at s3://crmy-aws-batch-nf/TAADisco/run-derouane-et-al/stage-51f7fe63-72a6-4349-9b0a-20ec0487ea69/75/78d6c33dc70515326c3b513ce7d442/P56_UCL_pre_R2.fastq.gz
Nov-14 16:33:01.455 [FileTransfer-8] DEBUG nextflow.file.FilePorter - Local cache found for foreign file /home/ec2-user/repos/TAADisco/input-data/fastqs/Derouane-et-al/TNBC/P56_UCL_pre_R1.fastq.gz at s3://crmy-aws-batch-nf/TAADisco/run-derouane-et-al/stage-51f7fe63-72a6-4349-9b0a-20ec0487ea69/df/195d93a10676ce0b3402470179f694/P56_UCL_pre_R1.fastq.gz
Nov-14 16:33:01.457 [FileTransfer-9] DEBUG nextflow.file.FilePorter - Local cache found for foreign file /home/ec2-user/repos/TAADisco/input-data/fastqs/Derouane-et-al/TNBC/R13_UCL_pre_R2.fastq.gz at s3://crmy-aws-batch-nf/TAADisco/run-derouane-et-al/stage-51f7fe63-72a6-4349-9b0a-20ec0487ea69/d4/579de85c089402883578ee9d1fb0eb/R13_UCL_pre_R2.fastq.gz
Nov-14 16:33:01.465 [FileTransfer-4] DEBUG nextflow.file.FilePorter - Local cache found for foreign file /home/ec2-user/repos/TAADisco/input-data/fastqs/Derouane-et-al/TNBC/R29_UCL_pre_R2.fastq.gz at s3://crmy-aws-batch-nf/TAADisco/run-derouane-et-al/stage-51f7fe63-72a6-4349-9b0a-20ec0487ea69/16/3acbbf3852373cc36df0e19ae8cf3b/R29_UCL_pre_R2.fastq.gz
Nov-14 16:33:01.474 [FileTransfer-6] DEBUG nextflow.file.FilePorter - Local cache found for foreign file /home/ec2-user/repos/TAADisco/input-data/fastqs/Derouane-et-al/TNBC/R13_UCL_pre_R1.fastq.gz at s3://crmy-aws-batch-nf/TAADisco/run-derouane-et-al/stage-51f7fe63-72a6-4349-9b0a-20ec0487ea69/d2/8456d300e03bd1973fd9a090d5d62e/R13_UCL_pre_R1.fastq.gz
Nov-14 16:33:01.498 [FileTransfer-2] DEBUG nextflow.file.FilePorter - Local cache found for foreign file /home/ec2-user/repos/TAADisco/input-data/fastqs/Derouane-et-al/TNBC/R29_UCL_pre_R1.fastq.gz at s3://crmy-aws-batch-nf/TAADisco/run-derouane-et-al/stage-51f7fe63-72a6-4349-9b0a-20ec0487ea69/68/8c56f725e3d309ad18161ba3a8f7e8/R29_UCL_pre_R1.fastq.gz
Nov-14 16:33:01.530 [Actor Thread 6] INFO  nextflow.processor.TaskProcessor - [7e/e884a1] Cached process > QUANT_COUNTS_KALLISTO (R11_UCL_pre)
Nov-14 16:33:01.532 [Actor Thread 11] INFO  nextflow.processor.TaskProcessor - [52/22e37e] Cached process > QUANT_COUNTS_KALLISTO (R27_UCL_pos)
Nov-14 16:33:01.569 [Actor Thread 5] INFO  nextflow.processor.TaskProcessor - [0e/adeaab] Cached process > TRIM_READS_FASTP (P56_UCL_pre)
Nov-14 16:33:01.577 [Actor Thread 3] INFO  nextflow.processor.TaskProcessor - [9a/d0e868] Cached process > QUANT_COUNTS_KALLISTO (P56_UCL_pos)
Nov-14 16:33:01.579 [Actor Thread 4] INFO  nextflow.processor.TaskProcessor - [1c/74e03f] Cached process > QUANT_COUNTS_KALLISTO (R29_UCL_pos)
Nov-14 16:33:01.587 [Actor Thread 8] INFO  nextflow.processor.TaskProcessor - [38/1dadaa] Cached process > TRIM_READS_FASTP (R29_UCL_pre)
Nov-14 16:33:01.592 [Actor Thread 7] INFO  nextflow.processor.TaskProcessor - [ea/b4a9f4] Cached process > TRIM_READS_FASTP (R13_UCL_pre)
Nov-14 16:33:01.687 [Actor Thread 1] INFO  nextflow.processor.TaskProcessor - [b2/a2fbe4] Cached process > QUANT_COUNTS_KALLISTO (R27_UCL_pre)
Nov-14 16:33:01.717 [Actor Thread 6] INFO  nextflow.processor.TaskProcessor - [c3/32e4d1] Cached process > QUANT_COUNTS_KALLISTO (P56_UCL_pre)
Nov-14 16:33:01.761 [Actor Thread 11] INFO  nextflow.processor.TaskProcessor - [32/79541b] Cached process > QUANT_COUNTS_KALLISTO (R29_UCL_pre)
Nov-14 16:33:01.796 [Actor Thread 9] INFO  nextflow.processor.TaskProcessor - [5f/1708ef] Cached process > QUANT_COUNTS_KALLISTO (R13_UCL_pre)
Nov-14 16:33:01.803 [main] DEBUG nextflow.Session - Session await > all processes finished
Nov-14 16:33:06.863 [Task monitor] DEBUG n.processor.TaskPollingMonitor - <<< barrier arrives (monitor: awsbatch) - terminating tasks monitor poll loop
Nov-14 16:33:06.863 [main] DEBUG nextflow.Session - Session await > all barriers passed
Nov-14 16:33:06.865 [main] DEBUG nextflow.util.ThreadPoolManager - Thread pool 'PublishDir' shutdown completed (hard=false)
Nov-14 16:33:06.879 [main] INFO  nextflow.script.BaseScript - Pipeline completed at: 2025-11-14T16:33:06.865854901Z
Nov-14 16:33:06.892 [main] INFO  nextflow.script.BaseScript - Execution status: OK
Nov-14 16:33:06.892 [main] INFO  nextflow.Nextflow - Duration: 11.3s
Nov-14 16:33:06.900 [main] DEBUG n.trace.WorkflowStatsObserver - Workflow completed > WorkflowStats[succeededCount=0; failedCount=0; ignoredCount=0; cachedCount=24; pendingCount=0; submittedCount=0; runningCount=0; retriesCount=0; abortedCount=0; succeedDuration=0ms; failedDuration=0ms; cachedDuration=16h 10m 10s;loadCpus=0; loadMemory=0; peakRunning=0; peakCpus=0; peakMemory=0; ]
Nov-14 16:33:06.940 [main] DEBUG nextflow.trace.ReportObserver - Workflow completed -- rendering execution report
Nov-14 16:33:07.813 [main] DEBUG nextflow.trace.TimelineObserver - Workflow completed -- rendering execution timeline
Nov-14 16:33:07.906 [main] DEBUG nextflow.trace.TraceFileObserver - Workflow completed -- saving trace file
Nov-14 16:33:07.916 [main] DEBUG nextflow.cache.CacheDB - Closing CacheDB done
Nov-14 16:33:07.926 [main] INFO  org.pf4j.AbstractPluginManager - Stop plugin 'nf-amazon@3.4.1'
Nov-14 16:33:07.926 [main] DEBUG nextflow.plugin.BasePlugin - Plugin stopped nf-amazon
Nov-14 16:33:07.928 [main] DEBUG nextflow.util.ThreadPoolManager - Thread pool 'FileTransfer' shutdown completed (hard=false)
Nov-14 16:33:07.928 [main] DEBUG nextflow.script.ScriptRunner - > Execution complete -- Goodbye
